2024-12-25 19:46:12,590 - scrapper - INFO - Обработка страницы: https://dzen.ru/topic/beauty?tab=articles
2024-12-25 19:46:14,909 - scrapper - INFO - Ссылка №1:1 обработана.
2024-12-25 19:46:14,911 - scrapper - INFO - Ссылка №1:2 обработана.
2024-12-25 19:46:14,911 - scrapper - INFO - Ссылка №1:3 обработана.
2024-12-25 19:46:14,911 - scrapper - INFO - Ссылка №1:4 обработана.
2024-12-25 19:46:14,912 - scrapper - INFO - Ссылка №1:5 обработана.
2024-12-25 19:46:14,912 - scrapper - INFO - Ссылка №1:6 обработана.
2024-12-25 19:46:14,912 - scrapper - INFO - Ссылка №1:7 обработана.
2024-12-25 19:46:14,912 - scrapper - INFO - Ссылка №1:8 обработана.
2024-12-25 19:46:14,913 - scrapper - INFO - Ссылка №1:9 обработана.
2024-12-25 19:46:14,913 - scrapper - INFO - Ссылка №1:10 обработана.
2024-12-25 19:46:14,913 - scrapper - INFO - Ссылка №1:11 обработана.
2024-12-25 19:46:14,913 - scrapper - INFO - Ссылка №1:12 обработана.
2024-12-25 19:46:14,914 - scrapper - INFO - Объект https://dzen.ru/api/web/v1/topic-channel-more?country_code=ru&tab=articles&next_page_id=6763dc93928e984abacdcdf0%3A1734947648944%3A0&topic_identity=5169&_csrf=c1e0b5b38b357a1979381474c258841fe0226239-1735145184959-0-3160777171735145184%3A0&clid=1400&lang=ru извлечен из текста.
2024-12-25 19:46:14,915 - scrapper - INFO - Обработка страницы: https://dzen.ru/api/web/v1/topic-channel-more?country_code=ru&tab=articles&next_page_id=6763dc93928e984abacdcdf0%3A1734947648944%3A0&topic_identity=5169&_csrf=c1e0b5b38b357a1979381474c258841fe0226239-1735145184959-0-3160777171735145184%3A0&clid=1400&lang=ru
2024-12-25 19:46:19,353 - scrapper - INFO - Ссылка №2:1 обработана.
2024-12-25 19:46:19,354 - scrapper - INFO - Ссылка №2:2 обработана.
2024-12-25 19:46:19,354 - scrapper - INFO - Ссылка №2:3 обработана.
2024-12-25 19:46:19,356 - scrapper - INFO - Ссылка №2:4 обработана.
2024-12-25 19:46:19,356 - scrapper - INFO - Ссылка №2:5 обработана.
2024-12-25 19:46:19,357 - scrapper - INFO - Ссылка №2:6 обработана.
2024-12-25 19:46:19,357 - scrapper - INFO - Ссылка №2:7 обработана.
2024-12-25 19:46:19,358 - scrapper - INFO - Ссылка №2:8 обработана.
2024-12-25 19:46:19,358 - scrapper - INFO - Ссылка №2:9 обработана.
2024-12-25 19:46:19,359 - scrapper - INFO - Ссылка №2:10 обработана.
2024-12-25 19:46:19,359 - scrapper - INFO - Ссылка №2:11 обработана.
2024-12-25 19:46:19,360 - scrapper - INFO - Ссылка №2:12 обработана.
2024-12-25 19:46:19,360 - scrapper - INFO - Обработка страницы: https://dzen.ru/api/web/v1/topic-channel-more?country_code=ru&tab=articles&next_page_id=6765b5474d3ad65a155de562%3A1734733646073%3A0&topic_identity=5169&clid=1400&_csrf=c0e5acacbe8fceaf30d19beb6242b4431aa978ce-1735145186366-0-3160777171735145184%3A0&lang=ru
2024-12-25 19:46:20,393 - scrapper - INFO - Ссылка №3:1 обработана.
2024-12-25 19:46:20,394 - scrapper - INFO - Ссылка №3:2 обработана.
2024-12-25 19:46:20,394 - scrapper - INFO - Ссылка №3:3 обработана.
2024-12-25 19:46:20,395 - scrapper - INFO - Ссылка №3:4 обработана.
2024-12-25 19:46:20,396 - scrapper - INFO - Ссылка №3:5 обработана.
2024-12-25 19:46:20,396 - scrapper - INFO - Ссылка №3:6 обработана.
2024-12-25 19:46:20,397 - scrapper - INFO - Ссылка №3:7 обработана.
2024-12-25 19:46:20,397 - scrapper - INFO - Ссылка №3:8 обработана.
2024-12-25 19:46:20,398 - scrapper - INFO - Ссылка №3:9 обработана.
2024-12-25 19:46:20,398 - scrapper - INFO - Ссылка №3:10 обработана.
2024-12-25 19:46:20,399 - scrapper - INFO - Ссылка №3:11 обработана.
2024-12-25 19:46:20,400 - scrapper - INFO - Ссылка №3:12 обработана.
2024-12-25 19:46:20,400 - scrapper - INFO - Обработка страницы: https://dzen.ru/api/web/v1/topic-channel-more?country_code=ru&tab=articles&next_page_id=6762fd7ad4e74c3b8bf7fb76%3A1734541367263%3A0&topic_identity=5169&clid=1400&_csrf=f8c40bd728cf0a1e46c79e0a6919bf1b40dda4ca-1735145190794-0-3160777171735145184%3A0&lang=ru
2024-12-25 19:46:20,790 - scrapper - INFO - Ссылка №4:1 обработана.
2024-12-25 19:46:20,790 - scrapper - INFO - Ссылка №4:2 обработана.
2024-12-25 19:46:20,791 - scrapper - INFO - Ссылка №4:3 обработана.
2024-12-25 19:46:20,791 - scrapper - INFO - Ссылка №4:4 обработана.
2024-12-25 19:46:20,792 - scrapper - INFO - Ссылка №4:5 обработана.
2024-12-25 19:46:20,792 - scrapper - INFO - Ссылка №4:6 обработана.
2024-12-25 19:46:20,793 - scrapper - INFO - Ссылка №4:7 обработана.
2024-12-25 19:46:20,794 - scrapper - INFO - Ссылка №4:8 обработана.
2024-12-25 19:46:20,795 - scrapper - INFO - Ссылка №4:9 обработана.
2024-12-25 19:46:20,795 - scrapper - INFO - Ссылка №4:10 обработана.
2024-12-25 19:46:20,796 - scrapper - INFO - Ссылка №4:11 обработана.
2024-12-25 19:46:20,796 - scrapper - INFO - Ссылка №4:12 обработана.
2024-12-25 19:46:20,796 - scrapper - INFO - Обработка страницы: https://dzen.ru/api/web/v1/topic-channel-more?country_code=ru&tab=articles&next_page_id=67607bc1a250a14e21b531b2%3A1734412124311%3A0&topic_identity=5169&_csrf=483bd610187e6fdad7fa5482aba57c7a69bf8185-1735145191817-0-3160777171735145184%3A0&clid=1400&lang=ru
2024-12-25 19:46:21,347 - scrapper - INFO - Ссылка №5:1 обработана.
2024-12-25 19:46:21,347 - scrapper - INFO - Ссылка №5:2 обработана.
2024-12-25 19:46:21,348 - scrapper - INFO - Ссылка №5:3 обработана.
2024-12-25 19:46:21,348 - scrapper - INFO - Ссылка №5:4 обработана.
2024-12-25 19:46:21,349 - scrapper - INFO - Ссылка №5:5 обработана.
2024-12-25 19:46:21,349 - scrapper - INFO - Ссылка №5:6 обработана.
2024-12-25 19:46:21,351 - scrapper - INFO - Ссылка №5:7 обработана.
2024-12-25 19:46:21,351 - scrapper - INFO - Ссылка №5:8 обработана.
2024-12-25 19:46:21,352 - scrapper - INFO - Ссылка №5:9 обработана.
2024-12-25 19:46:21,352 - scrapper - INFO - Ссылка №5:10 обработана.
2024-12-25 19:46:21,353 - scrapper - INFO - Ссылка №5:11 обработана.
2024-12-25 19:46:21,353 - scrapper - INFO - Ссылка №5:12 обработана.
2024-12-25 19:46:21,354 - scrapper - INFO - Обработка страницы: https://dzen.ru/api/web/v1/topic-channel-more?country_code=ru&tab=articles&next_page_id=675e43a63c8763055ff18729%3A1734275052587%3A0&topic_identity=5169&clid=1400&_csrf=6e6376e18de04e83aa1508b02c351667bf444ecc-1735145192211-0-3160777171735145184%3A0&lang=ru
2024-12-25 19:46:21,720 - scrapper - INFO - Ссылка №6:1 обработана.
2024-12-25 19:46:21,722 - scrapper - INFO - Ссылка №6:2 обработана.
2024-12-25 19:46:21,722 - scrapper - INFO - Ссылка №6:3 обработана.
2024-12-25 19:46:21,723 - scrapper - INFO - Ссылка №6:4 обработана.
2024-12-25 19:46:21,723 - scrapper - INFO - Ссылка №6:5 обработана.
2024-12-25 19:46:21,724 - scrapper - INFO - Ссылка №6:6 обработана.
2024-12-25 19:46:21,725 - scrapper - INFO - Ссылка №6:7 обработана.
2024-12-25 19:46:21,726 - scrapper - INFO - Ссылка №6:8 обработана.
2024-12-25 19:46:21,726 - scrapper - INFO - Ссылка №6:9 обработана.
2024-12-25 19:46:21,727 - scrapper - INFO - Ссылка №6:10 обработана.
2024-12-25 19:46:21,727 - scrapper - INFO - Ссылка №6:11 обработана.
2024-12-25 19:46:21,728 - scrapper - INFO - Ссылка №6:12 обработана.
2024-12-25 19:46:21,728 - scrapper - INFO - Обработка страницы: https://dzen.ru/api/web/v1/topic-channel-more?country_code=ru&tab=articles&next_page_id=6752df923c4c833d047cf7ff%3A1734066025855%3A0&topic_identity=5169&clid=1400&_csrf=7ec8a5045b40af6a6342f231261dfa52f6e31a63-1735145192779-0-3160777171735145184%3A0&lang=ru
2024-12-25 19:46:22,375 - scrapper - INFO - Ссылка №7:1 обработана.
2024-12-25 19:46:22,375 - scrapper - INFO - Ссылка №7:2 обработана.
2024-12-25 19:46:22,376 - scrapper - INFO - Ссылка №7:3 обработана.
2024-12-25 19:46:22,376 - scrapper - INFO - Ссылка №7:4 обработана.
2024-12-25 19:46:22,377 - scrapper - INFO - Ссылка №7:5 обработана.
2024-12-25 19:46:22,377 - scrapper - INFO - Ссылка №7:6 обработана.
2024-12-25 19:46:22,378 - scrapper - INFO - Ссылка №7:7 обработана.
2024-12-25 19:46:22,378 - scrapper - INFO - Ссылка №7:8 обработана.
2024-12-25 19:46:22,379 - scrapper - INFO - Ссылка №7:9 обработана.
2024-12-25 19:46:22,380 - scrapper - INFO - Ссылка №7:10 обработана.
2024-12-25 19:46:22,380 - scrapper - INFO - Ссылка №7:11 обработана.
2024-12-25 19:46:22,381 - scrapper - INFO - Ссылка №7:12 обработана.
2024-12-25 19:46:22,382 - scrapper - INFO - Обработка страницы: https://dzen.ru/api/web/v1/topic-channel-more?country_code=ru&tab=articles&next_page_id=6759c9f278cb546846b6c86e%3A1733938077607%3A0&topic_identity=5169&clid=1400&_csrf=ae158fca24a623ff67f4236364700a49c5e8ff69-1735145193170-0-3160777171735145184%3A0&lang=ru
2024-12-25 19:46:22,854 - scrapper - INFO - Ссылка №8:1 обработана.
2024-12-25 19:46:22,855 - scrapper - INFO - Ссылка №8:2 обработана.
2024-12-25 19:46:22,856 - scrapper - INFO - Ссылка №8:3 обработана.
2024-12-25 19:46:22,856 - scrapper - INFO - Ссылка №8:4 обработана.
2024-12-25 19:46:22,857 - scrapper - INFO - Ссылка №8:5 обработана.
2024-12-25 19:46:22,857 - scrapper - INFO - Ссылка №8:6 обработана.
2024-12-25 19:46:22,858 - scrapper - INFO - Ссылка №8:7 обработана.
2024-12-25 19:46:22,858 - scrapper - INFO - Ссылка №8:8 обработана.
2024-12-25 19:46:22,859 - scrapper - INFO - Ссылка №8:9 обработана.
2024-12-25 19:46:22,860 - scrapper - INFO - Ссылка №8:10 обработана.
2024-12-25 19:46:22,860 - scrapper - INFO - Ссылка №8:11 обработана.
2024-12-25 19:46:22,861 - scrapper - INFO - Ссылка №8:12 обработана.
2024-12-25 19:46:22,861 - scrapper - INFO - Обработка страницы: https://dzen.ru/api/web/v1/topic-channel-more?country_code=ru&tab=articles&next_page_id=67532ee7a63aae7b2cdf27cb%3A1733803279989%3A0&topic_identity=5169&clid=1400&_csrf=5bc06b7f9af94357ded8f8cc748b45953e42a3ce-1735145193830-0-3160777171735145184%3A0&lang=ru
2024-12-25 19:46:23,389 - scrapper - INFO - Ссылка №9:1 обработана.
2024-12-25 19:46:23,389 - scrapper - INFO - Ссылка №9:2 обработана.
2024-12-25 19:46:23,390 - scrapper - INFO - Ссылка №9:3 обработана.
2024-12-25 19:46:23,390 - scrapper - INFO - Ссылка №9:4 обработана.
2024-12-25 19:46:23,391 - scrapper - INFO - Ссылка №9:5 обработана.
2024-12-25 19:46:23,391 - scrapper - INFO - Ссылка №9:6 обработана.
2024-12-25 19:46:23,392 - scrapper - INFO - Ссылка №9:7 обработана.
2024-12-25 19:46:23,393 - scrapper - INFO - Ссылка №9:8 обработана.
2024-12-25 19:46:23,394 - scrapper - INFO - Ссылка №9:9 обработана.
2024-12-25 19:46:23,394 - scrapper - INFO - Ссылка №9:10 обработана.
2024-12-25 19:46:23,395 - scrapper - INFO - Ссылка №9:11 обработана.
2024-12-25 19:46:23,395 - scrapper - INFO - Ссылка №9:12 обработана.
2024-12-25 19:46:23,396 - scrapper - INFO - Обработка страницы: https://dzen.ru/api/web/v1/topic-channel-more?country_code=ru&tab=articles&next_page_id=6750657bb010206fb69b6fc6%3A1733634039976%3A0&topic_identity=5169&clid=1400&_csrf=54fc4aff8447765d5b15750d353d9b5a7fbfeeb6-1735145194292-0-3160777171735145184%3A0&lang=ru
2024-12-25 19:46:23,813 - scrapper - INFO - Ссылка №10:1 обработана.
2024-12-25 19:46:23,813 - scrapper - INFO - Ссылка №10:2 обработана.
2024-12-25 19:46:23,814 - scrapper - INFO - Ссылка №10:3 обработана.
2024-12-25 19:46:23,815 - scrapper - INFO - Ссылка №10:4 обработана.
2024-12-25 19:46:23,815 - scrapper - INFO - Ссылка №10:5 обработана.
2024-12-25 19:46:23,816 - scrapper - INFO - Ссылка №10:6 обработана.
2024-12-25 19:46:23,816 - scrapper - INFO - Ссылка №10:7 обработана.
2024-12-25 19:46:23,817 - scrapper - INFO - Ссылка №10:8 обработана.
2024-12-25 19:46:23,817 - scrapper - INFO - Ссылка №10:9 обработана.
2024-12-25 19:46:23,818 - scrapper - INFO - Ссылка №10:10 обработана.
2024-12-25 19:46:23,819 - scrapper - INFO - Ссылка №10:11 обработана.
2024-12-25 19:46:23,819 - scrapper - INFO - Ссылка №10:12 обработана.
2024-12-25 19:46:23,820 - scrapper - INFO - Обработка страницы: https://dzen.ru/api/web/v1/topic-channel-more?country_code=ru&tab=articles&next_page_id=67530a30a63aae7b2ca0ab5f%3A1733495396053%3A0&topic_identity=5169&_csrf=1f24717023236952863a8964a6ac919bff3360ba-1735145194818-0-3160777171735145184%3A0&clid=1400&lang=ru
2024-12-25 19:46:24,390 - scrapper - INFO - Ссылка №11:1 обработана.
2024-12-25 19:46:24,390 - scrapper - INFO - Ссылка №11:2 обработана.
2024-12-25 19:46:24,391 - scrapper - INFO - Ссылка №11:3 обработана.
2024-12-25 19:46:24,392 - scrapper - INFO - Ссылка №11:4 обработана.
2024-12-25 19:46:24,393 - scrapper - INFO - Ссылка №11:5 обработана.
2024-12-25 19:46:24,394 - scrapper - INFO - Ссылка №11:6 обработана.
2024-12-25 19:46:24,394 - scrapper - INFO - Ссылка №11:7 обработана.
2024-12-25 19:46:24,395 - scrapper - INFO - Ссылка №11:8 обработана.
2024-12-25 19:46:24,395 - scrapper - INFO - Ссылка №11:9 обработана.
2024-12-25 19:46:24,396 - scrapper - INFO - Ссылка №11:10 обработана.
2024-12-25 19:46:24,397 - scrapper - INFO - Ссылка №11:11 обработана.
2024-12-25 19:46:24,397 - scrapper - INFO - Ссылка №11:12 обработана.
2024-12-25 19:46:24,398 - scrapper - INFO - Обработка страницы: https://dzen.ru/api/web/v1/topic-channel-more?country_code=ru&tab=articles&next_page_id=675189ed9f6d89048e5d42f7%3A1733407445115%3A0&topic_identity=5169&clid=1400&_csrf=e77d15b93d57742f828aed071a9c0d0063641e50-1735145195254-0-3160777171735145184%3A0&lang=ru
2024-12-25 19:46:25,030 - scrapper - INFO - Ссылка №12:1 обработана.
2024-12-25 19:46:25,031 - scrapper - INFO - Ссылка №12:2 обработана.
2024-12-25 19:46:25,032 - scrapper - INFO - Ссылка №12:3 обработана.
2024-12-25 19:46:25,032 - scrapper - INFO - Ссылка №12:4 обработана.
2024-12-25 19:46:25,033 - scrapper - INFO - Ссылка №12:5 обработана.
2024-12-25 19:46:25,033 - scrapper - INFO - Ссылка №12:6 обработана.
2024-12-25 19:46:25,034 - scrapper - INFO - Ссылка №12:7 обработана.
2024-12-25 19:46:25,035 - scrapper - INFO - Ссылка №12:8 обработана.
2024-12-25 19:46:25,036 - scrapper - INFO - Ссылка №12:9 обработана.
2024-12-25 19:46:25,036 - scrapper - INFO - Ссылка №12:10 обработана.
2024-12-25 19:46:25,037 - scrapper - INFO - Ссылка №12:11 обработана.
2024-12-25 19:46:25,037 - scrapper - INFO - Ссылка №12:12 обработана.
2024-12-25 19:46:25,038 - scrapper - INFO - Обработка страницы: https://dzen.ru/api/web/v1/topic-channel-more?country_code=ru&tab=articles&next_page_id=673717224c9cde2d15a11b1f%3A1733287240719%3A0&topic_identity=5169&_csrf=3093ed738db0e7ae899233ab52129b0181d58abc-1735145195861-0-3160777171735145184%3A0&clid=1400&lang=ru
2024-12-25 19:46:25,551 - scrapper - INFO - Ссылка №13:1 обработана.
2024-12-25 19:46:25,551 - scrapper - INFO - Ссылка №13:2 обработана.
2024-12-25 19:46:25,552 - scrapper - INFO - Ссылка №13:3 обработана.
2024-12-25 19:46:25,553 - scrapper - INFO - Ссылка №13:4 обработана.
2024-12-25 19:46:25,553 - scrapper - INFO - Ссылка №13:5 обработана.
2024-12-25 19:46:25,554 - scrapper - INFO - Ссылка №13:6 обработана.
2024-12-25 19:46:25,554 - scrapper - INFO - Ссылка №13:7 обработана.
2024-12-25 19:46:25,555 - scrapper - INFO - Ссылка №13:8 обработана.
2024-12-25 19:46:25,555 - scrapper - INFO - Ссылка №13:9 обработана.
2024-12-25 19:46:25,556 - scrapper - INFO - Ссылка №13:10 обработана.
2024-12-25 19:46:25,556 - scrapper - INFO - Ссылка №13:11 обработана.
2024-12-25 19:46:25,557 - scrapper - INFO - Ссылка №13:12 обработана.
2024-12-25 19:46:25,558 - scrapper - INFO - Обработка страницы: https://dzen.ru/api/web/v1/topic-channel-more?country_code=ru&tab=articles&next_page_id=674ddcae99b3202c1f7453ea%3A1733160262560%3A0&topic_identity=5169&clid=1400&_csrf=9c8d43173cbfac333ce4dd78782bb927bf12b807-1735145196461-0-3160777171735145184%3A0&lang=ru
2024-12-25 19:46:26,176 - scrapper - INFO - Ссылка №14:1 обработана.
2024-12-25 19:46:26,177 - scrapper - INFO - Ссылка №14:2 обработана.
2024-12-25 19:46:26,177 - scrapper - INFO - Ссылка №14:3 обработана.
2024-12-25 19:46:26,178 - scrapper - INFO - Ссылка №14:4 обработана.
2024-12-25 19:46:26,178 - scrapper - INFO - Ссылка №14:5 обработана.
2024-12-25 19:46:26,179 - scrapper - INFO - Ссылка №14:6 обработана.
2024-12-25 19:46:26,180 - scrapper - INFO - Ссылка №14:7 обработана.
2024-12-25 19:46:26,180 - scrapper - INFO - Ссылка №14:8 обработана.
2024-12-25 19:46:26,181 - scrapper - INFO - Ссылка №14:9 обработана.
2024-12-25 19:46:26,182 - scrapper - INFO - Ссылка №14:10 обработана.
2024-12-25 19:46:26,182 - scrapper - INFO - Ссылка №14:11 обработана.
2024-12-25 19:46:26,183 - scrapper - INFO - Ссылка №14:12 обработана.
2024-12-25 19:46:26,183 - scrapper - INFO - Обработка страницы: https://dzen.ru/api/web/v1/topic-channel-more?country_code=ru&tab=articles&next_page_id=673b8c7246e2b344f0417cdb%3A1732958764800%3A0&topic_identity=5169&_csrf=2a155a8180c5f133fac46c92db875b79b62e1daf-1735145197005-0-3160777171735145184%3A0&clid=1400&lang=ru
2024-12-25 19:46:26,724 - scrapper - INFO - Ссылка №15:1 обработана.
2024-12-25 19:46:26,725 - scrapper - INFO - Ссылка №15:2 обработана.
2024-12-25 19:46:26,725 - scrapper - INFO - Ссылка №15:3 обработана.
2024-12-25 19:46:26,726 - scrapper - INFO - Ссылка №15:4 обработана.
2024-12-25 19:46:26,727 - scrapper - INFO - Ссылка №15:5 обработана.
2024-12-25 19:46:26,728 - scrapper - INFO - Ссылка №15:6 обработана.
2024-12-25 19:46:26,728 - scrapper - INFO - Ссылка №15:7 обработана.
2024-12-25 19:46:26,729 - scrapper - INFO - Ссылка №15:8 обработана.
2024-12-25 19:46:26,729 - scrapper - INFO - Ссылка №15:9 обработана.
2024-12-25 19:46:26,730 - scrapper - INFO - Ссылка №15:10 обработана.
2024-12-25 19:46:26,730 - scrapper - INFO - Ссылка №15:11 обработана.
2024-12-25 19:46:26,731 - scrapper - INFO - Ссылка №15:12 обработана.
2024-12-25 19:46:26,731 - scrapper - INFO - Обработка страницы: https://dzen.ru/api/web/v1/topic-channel-more?country_code=ru&tab=articles&next_page_id=67307cacc8a43a19cdd834f1%3A1732819838558%3A0&topic_identity=5169&clid=1400&_csrf=acd6d97644ba02c939183557db1c202b50d00142-1735145197642-0-3160777171735145184%3A0&lang=ru
2024-12-25 19:46:27,417 - scrapper - INFO - Ссылка №16:1 обработана.
2024-12-25 19:46:27,417 - scrapper - INFO - Ссылка №16:2 обработана.
2024-12-25 19:46:27,418 - scrapper - INFO - Ссылка №16:3 обработана.
2024-12-25 19:46:27,419 - scrapper - INFO - Ссылка №16:4 обработана.
2024-12-25 19:46:27,419 - scrapper - INFO - Ссылка №16:5 обработана.
2024-12-25 19:46:27,420 - scrapper - INFO - Ссылка №16:6 обработана.
2024-12-25 19:46:27,420 - scrapper - INFO - Ссылка №16:7 обработана.
2024-12-25 19:46:27,421 - scrapper - INFO - Ссылка №16:8 обработана.
2024-12-25 19:46:27,422 - scrapper - INFO - Ссылка №16:9 обработана.
2024-12-25 19:46:27,422 - scrapper - INFO - Ссылка №16:10 обработана.
2024-12-25 19:46:27,423 - scrapper - INFO - Ссылка №16:11 обработана.
2024-12-25 19:46:27,423 - scrapper - INFO - Ссылка №16:12 обработана.
2024-12-25 19:46:27,424 - scrapper - INFO - Обработка страницы: https://dzen.ru/api/web/v1/topic-channel-more?country_code=ru&tab=articles&next_page_id=6745c5483ee1853271641d5b%3A1732710355240%3A0&topic_identity=5169&_csrf=1f7e6923a8830c25b4862beef36f404e0f87ae9b-1735145198150-0-3160777171735145184%3A0&clid=1400&lang=ru
2024-12-25 19:46:27,933 - scrapper - INFO - Ссылка №17:1 обработана.
2024-12-25 19:46:27,933 - scrapper - INFO - Ссылка №17:2 обработана.
2024-12-25 19:46:27,934 - scrapper - INFO - Ссылка №17:3 обработана.
2024-12-25 19:46:27,934 - scrapper - INFO - Ссылка №17:4 обработана.
2024-12-25 19:46:27,935 - scrapper - INFO - Ссылка №17:5 обработана.
2024-12-25 19:46:27,935 - scrapper - INFO - Ссылка №17:6 обработана.
2024-12-25 19:46:27,936 - scrapper - INFO - Ссылка №17:7 обработана.
2024-12-25 19:46:27,936 - scrapper - INFO - Ссылка №17:8 обработана.
2024-12-25 19:46:27,937 - scrapper - INFO - Ссылка №17:9 обработана.
2024-12-25 19:46:27,937 - scrapper - INFO - Ссылка №17:10 обработана.
2024-12-25 19:46:27,938 - scrapper - INFO - Ссылка №17:11 обработана.
2024-12-25 19:46:27,938 - scrapper - INFO - Ссылка №17:12 обработана.
2024-12-25 19:46:27,939 - scrapper - INFO - Обработка страницы: https://dzen.ru/api/web/v1/topic-channel-more?country_code=ru&tab=articles&next_page_id=6745aafe70061573ee84b1fc%3A1732622166131%3A0&topic_identity=5169&_csrf=1989b6c838a2e201ac77097ef679c08fc621b996-1735145198852-0-3160777171735145184%3A0&clid=1400&lang=ru
2024-12-25 19:46:28,910 - scrapper - INFO - Ссылка №18:1 обработана.
2024-12-25 19:46:28,911 - scrapper - INFO - Ссылка №18:2 обработана.
2024-12-25 19:46:28,912 - scrapper - INFO - Ссылка №18:3 обработана.
2024-12-25 19:46:28,912 - scrapper - INFO - Ссылка №18:4 обработана.
2024-12-25 19:46:28,913 - scrapper - INFO - Ссылка №18:5 обработана.
2024-12-25 19:46:28,913 - scrapper - INFO - Ссылка №18:6 обработана.
2024-12-25 19:46:28,914 - scrapper - INFO - Ссылка №18:7 обработана.
2024-12-25 19:46:28,914 - scrapper - INFO - Ссылка №18:8 обработана.
2024-12-25 19:46:28,915 - scrapper - INFO - Ссылка №18:9 обработана.
2024-12-25 19:46:28,915 - scrapper - INFO - Ссылка №18:10 обработана.
2024-12-25 19:46:28,916 - scrapper - INFO - Ссылка №18:11 обработана.
2024-12-25 19:46:28,917 - scrapper - INFO - Ссылка №18:12 обработана.
2024-12-25 19:46:28,918 - scrapper - INFO - Обработка страницы: https://dzen.ru/api/web/v1/topic-channel-more?country_code=ru&tab=articles&next_page_id=67422666ca74f40671090ff3%3A1732520894890%3A0&topic_identity=5169&_csrf=b5bef462d06c064af49f67ee05706e711d4fc3a2-1735145199383-0-3160777171735145184%3A0&clid=1400&lang=ru
2024-12-25 19:46:29,414 - scrapper - INFO - Ссылка №19:1 обработана.
2024-12-25 19:46:29,415 - scrapper - INFO - Ссылка №19:2 обработана.
2024-12-25 19:46:29,416 - scrapper - INFO - Ссылка №19:3 обработана.
2024-12-25 19:46:29,416 - scrapper - INFO - Ссылка №19:4 обработана.
2024-12-25 19:46:29,417 - scrapper - INFO - Ссылка №19:5 обработана.
2024-12-25 19:46:29,417 - scrapper - INFO - Ссылка №19:6 обработана.
2024-12-25 19:46:29,418 - scrapper - INFO - Ссылка №19:7 обработана.
2024-12-25 19:46:29,418 - scrapper - INFO - Ссылка №19:8 обработана.
2024-12-25 19:46:29,419 - scrapper - INFO - Ссылка №19:9 обработана.
2024-12-25 19:46:29,419 - scrapper - INFO - Ссылка №19:10 обработана.
2024-12-25 19:46:29,420 - scrapper - INFO - Ссылка №19:11 обработана.
2024-12-25 19:46:29,421 - scrapper - INFO - Ссылка №19:12 обработана.
2024-12-25 19:46:29,421 - scrapper - INFO - Обработка страницы: https://dzen.ru/api/web/v1/topic-channel-more?country_code=ru&tab=articles&next_page_id=673cada87e14bf46bf9b7a2f%3A1732389019844%3A0&topic_identity=5169&clid=1400&_csrf=3b1791e0fb85475b22b7c7b924a7ac50c2480530-1735145200347-0-3160777171735145184%3A0&lang=ru
2024-12-25 19:46:29,857 - scrapper - INFO - Ссылка №20:1 обработана.
2024-12-25 19:46:29,857 - scrapper - INFO - Ссылка №20:2 обработана.
2024-12-25 19:46:29,858 - scrapper - INFO - Ссылка №20:3 обработана.
2024-12-25 19:46:29,859 - scrapper - INFO - Ссылка №20:4 обработана.
2024-12-25 19:46:29,860 - scrapper - INFO - Ссылка №20:5 обработана.
2024-12-25 19:46:29,860 - scrapper - INFO - Ссылка №20:6 обработана.
2024-12-25 19:46:29,861 - scrapper - INFO - Ссылка №20:7 обработана.
2024-12-25 19:46:29,862 - scrapper - INFO - Ссылка №20:8 обработана.
2024-12-25 19:46:29,862 - scrapper - INFO - Ссылка №20:9 обработана.
2024-12-25 19:46:29,863 - scrapper - INFO - Ссылка №20:10 обработана.
2024-12-25 19:46:29,863 - scrapper - INFO - Ссылка №20:11 обработана.
2024-12-25 19:46:29,864 - scrapper - INFO - Ссылка №20:12 обработана.
2024-12-25 19:46:29,864 - scrapper - INFO - Обработка страницы: https://dzen.ru/api/web/v1/topic-channel-more?country_code=ru&tab=articles&next_page_id=674009f20d37e77647f72155%3A1732251025984%3A0&topic_identity=5169&clid=1400&_csrf=9142818fdb13c217727a207924aa3ddbf47a693c-1735145200851-0-3160777171735145184%3A0&lang=ru
2024-12-25 19:46:30,458 - scrapper - INFO - Ссылка №21:1 обработана.
2024-12-25 19:46:30,459 - scrapper - INFO - Ссылка №21:2 обработана.
2024-12-25 19:46:30,459 - scrapper - INFO - Ссылка №21:3 обработана.
2024-12-25 19:46:30,460 - scrapper - INFO - Ссылка №21:4 обработана.
2024-12-25 19:46:30,460 - scrapper - INFO - Ссылка №21:5 обработана.
2024-12-25 19:46:30,461 - scrapper - INFO - Ссылка №21:6 обработана.
2024-12-25 19:46:30,462 - scrapper - INFO - Ссылка №21:7 обработана.
2024-12-25 19:46:30,462 - scrapper - INFO - Ссылка №21:8 обработана.
2024-12-25 19:46:30,463 - scrapper - INFO - Ссылка №21:9 обработана.
2024-12-25 19:46:30,464 - scrapper - INFO - Ссылка №21:10 обработана.
2024-12-25 19:46:30,464 - scrapper - INFO - Ссылка №21:11 обработана.
2024-12-25 19:46:30,465 - scrapper - INFO - Ссылка №21:12 обработана.
2024-12-25 19:46:30,465 - scrapper - INFO - Обработка страницы: https://dzen.ru/api/web/v1/topic-channel-more?country_code=ru&tab=articles&next_page_id=6739dc2f46e2b344f0fef527%3A1732078898810%3A0&topic_identity=5169&clid=1400&_csrf=5b020f2974e78debf2cfa56977f168b5262caa97-1735145201291-0-3160777171735145184%3A0&lang=ru
2024-12-25 19:46:30,963 - scrapper - INFO - Ссылка №22:1 обработана.
2024-12-25 19:46:30,964 - scrapper - INFO - Ссылка №22:2 обработана.
2024-12-25 19:46:30,965 - scrapper - INFO - Ссылка №22:3 обработана.
2024-12-25 19:46:30,965 - scrapper - INFO - Ссылка №22:4 обработана.
2024-12-25 19:46:30,966 - scrapper - INFO - Ссылка №22:5 обработана.
2024-12-25 19:46:30,966 - scrapper - INFO - Ссылка №22:6 обработана.
2024-12-25 19:46:30,967 - scrapper - INFO - Ссылка №22:7 обработана.
2024-12-25 19:46:30,967 - scrapper - INFO - Ссылка №22:8 обработана.
2024-12-25 19:46:30,968 - scrapper - INFO - Ссылка №22:9 обработана.
2024-12-25 19:46:30,969 - scrapper - INFO - Ссылка №22:10 обработана.
2024-12-25 19:46:30,969 - scrapper - INFO - Ссылка №22:11 обработана.
2024-12-25 19:46:30,970 - scrapper - INFO - Ссылка №22:12 обработана.
2024-12-25 19:46:30,970 - scrapper - INFO - Обработка страницы: https://dzen.ru/api/web/v1/topic-channel-more?country_code=ru&tab=articles&next_page_id=673c8bb93572043a7a93c589%3A1732024117825%3A0&topic_identity=5169&_csrf=9ae6e3fa976978d3d871317a017acd140151be6d-1735145201907-0-3160777171735145184%3A0&clid=1400&lang=ru
2024-12-25 19:46:31,479 - scrapper - INFO - Ссылка №23:1 обработана.
2024-12-25 19:46:31,479 - scrapper - INFO - Ссылка №23:2 обработана.
2024-12-25 19:46:31,480 - scrapper - INFO - Ссылка №23:3 обработана.
2024-12-25 19:46:31,480 - scrapper - INFO - Ссылка №23:4 обработана.
2024-12-25 19:46:31,481 - scrapper - INFO - Ссылка №23:5 обработана.
2024-12-25 19:46:31,481 - scrapper - INFO - Ссылка №23:6 обработана.
2024-12-25 19:46:31,482 - scrapper - INFO - Ссылка №23:7 обработана.
2024-12-25 19:46:31,483 - scrapper - INFO - Ссылка №23:8 обработана.
2024-12-25 19:46:31,483 - scrapper - INFO - Ссылка №23:9 обработана.
2024-12-25 19:46:31,484 - scrapper - INFO - Ссылка №23:10 обработана.
2024-12-25 19:46:31,485 - scrapper - INFO - Ссылка №23:11 обработана.
2024-12-25 19:46:31,485 - scrapper - INFO - Ссылка №23:12 обработана.
2024-12-25 19:46:31,486 - scrapper - INFO - Обработка страницы: https://dzen.ru/api/web/v1/topic-channel-more?country_code=ru&tab=articles&next_page_id=6739c6dd7332de47474ca799%3A1731922380403%3A0&topic_identity=5169&_csrf=3efd89f8cc22e46d525140487e4695a2ec53891c-1735145202421-0-3160777171735145184%3A0&clid=1400&lang=ru
2024-12-25 19:46:31,986 - scrapper - INFO - Ссылка №24:1 обработана.
2024-12-25 19:46:31,987 - scrapper - INFO - Ссылка №24:2 обработана.
2024-12-25 19:46:31,987 - scrapper - INFO - Ссылка №24:3 обработана.
2024-12-25 19:46:31,988 - scrapper - INFO - Ссылка №24:4 обработана.
2024-12-25 19:46:31,988 - scrapper - INFO - Ссылка №24:5 обработана.
2024-12-25 19:46:31,989 - scrapper - INFO - Ссылка №24:6 обработана.
2024-12-25 19:46:31,989 - scrapper - INFO - Ссылка №24:7 обработана.
2024-12-25 19:46:31,990 - scrapper - INFO - Ссылка №24:8 обработана.
2024-12-25 19:46:31,990 - scrapper - INFO - Ссылка №24:9 обработана.
2024-12-25 19:46:31,991 - scrapper - INFO - Ссылка №24:10 обработана.
2024-12-25 19:46:31,992 - scrapper - INFO - Ссылка №24:11 обработана.
2024-12-25 19:46:31,992 - scrapper - INFO - Ссылка №24:12 обработана.
2024-12-25 19:46:31,993 - scrapper - INFO - Обработка страницы: https://dzen.ru/api/web/v1/topic-channel-more?country_code=ru&tab=articles&next_page_id=67339f93b51dac36328038c8%3A1731733241058%3A0&topic_identity=5169&clid=1400&_csrf=028fcb0ae494af6899a26b5e8aef76d708f3c50d-1735145202924-0-3160777171735145184%3A0&lang=ru
2024-12-25 19:46:32,710 - scrapper - INFO - Ссылка №25:1 обработана.
2024-12-25 19:46:32,711 - scrapper - INFO - Ссылка №25:2 обработана.
2024-12-25 19:46:32,712 - scrapper - INFO - Ссылка №25:3 обработана.
2024-12-25 19:46:32,712 - scrapper - INFO - Ссылка №25:4 обработана.
2024-12-25 19:46:32,713 - scrapper - INFO - Ссылка №25:5 обработана.
2024-12-25 19:46:32,713 - scrapper - INFO - Ссылка №25:6 обработана.
2024-12-25 19:46:32,714 - scrapper - INFO - Ссылка №25:7 обработана.
2024-12-25 19:46:32,715 - scrapper - INFO - Ссылка №25:8 обработана.
2024-12-25 19:46:32,716 - scrapper - INFO - Ссылка №25:9 обработана.
2024-12-25 19:46:32,716 - scrapper - INFO - Ссылка №25:10 обработана.
2024-12-25 19:46:32,717 - scrapper - INFO - Ссылка №25:11 обработана.
2024-12-25 19:46:32,717 - scrapper - INFO - Ссылка №25:12 обработана.
2024-12-25 19:46:32,718 - scrapper - INFO - Обработка страницы: https://dzen.ru/api/web/v1/topic-channel-more?country_code=ru&tab=articles&next_page_id=67359a662d855a4ed86e4f62%3A1731569196159%3A0&topic_identity=5169&_csrf=d1fbf2b4b780c2e60d10d7868d49720c94691da0-1735145203469-0-3160777171735145184%3A0&clid=1400&lang=ru
2024-12-25 19:46:33,274 - scrapper - INFO - Ссылка №26:1 обработана.
2024-12-25 19:46:33,274 - scrapper - INFO - Ссылка №26:2 обработана.
2024-12-25 19:46:33,275 - scrapper - INFO - Ссылка №26:3 обработана.
2024-12-25 19:46:33,276 - scrapper - INFO - Ссылка №26:4 обработана.
2024-12-25 19:46:33,277 - scrapper - INFO - Ссылка №26:5 обработана.
2024-12-25 19:46:33,277 - scrapper - INFO - Ссылка №26:6 обработана.
2024-12-25 19:46:33,278 - scrapper - INFO - Ссылка №26:7 обработана.
2024-12-25 19:46:33,278 - scrapper - INFO - Ссылка №26:8 обработана.
2024-12-25 19:46:33,279 - scrapper - INFO - Ссылка №26:9 обработана.
2024-12-25 19:46:33,279 - scrapper - INFO - Ссылка №26:10 обработана.
2024-12-25 19:46:33,280 - scrapper - INFO - Ссылка №26:11 обработана.
2024-12-25 19:46:33,281 - scrapper - INFO - Ссылка №26:12 обработана.
2024-12-25 19:46:33,281 - scrapper - INFO - Обработка страницы: https://dzen.ru/api/web/v1/topic-channel-more?country_code=ru&tab=articles&next_page_id=67343462dae3eb2b10104c97%3A1731474984984%3A0&topic_identity=5169&clid=1400&_csrf=8530d023ed6f3d3395440817eec0c89e37ccb63e-1735145204134-0-3160777171735145184%3A0&lang=ru
2024-12-25 19:46:33,818 - scrapper - INFO - Ссылка №27:1 обработана.
2024-12-25 19:46:33,818 - scrapper - INFO - Ссылка №27:2 обработана.
2024-12-25 19:46:33,819 - scrapper - INFO - Ссылка №27:3 обработана.
2024-12-25 19:46:33,819 - scrapper - INFO - Ссылка №27:4 обработана.
2024-12-25 19:46:33,820 - scrapper - INFO - Ссылка №27:5 обработана.
2024-12-25 19:46:33,820 - scrapper - INFO - Ссылка №27:6 обработана.
2024-12-25 19:46:33,821 - scrapper - INFO - Ссылка №27:7 обработана.
2024-12-25 19:46:33,822 - scrapper - INFO - Ссылка №27:8 обработана.
2024-12-25 19:46:33,823 - scrapper - INFO - Ссылка №27:9 обработана.
2024-12-25 19:46:33,823 - scrapper - INFO - Ссылка №27:10 обработана.
2024-12-25 19:46:33,824 - scrapper - INFO - Ссылка №27:11 обработана.
2024-12-25 19:46:33,824 - scrapper - INFO - Ссылка №27:12 обработана.
2024-12-25 19:46:33,825 - scrapper - INFO - Обработка страницы: https://dzen.ru/api/web/v1/topic-channel-more?country_code=ru&tab=articles&next_page_id=6730d8c8f46b0f0cac17b2f5%3A1731335504976%3A0&topic_identity=5169&_csrf=3bcd6c8e0cd8fa2be8a845e785db96ba9197a31c-1735145204712-0-3160777171735145184%3A0&clid=1400&lang=ru
2024-12-25 19:46:34,306 - scrapper - INFO - Ссылка №28:1 обработана.
2024-12-25 19:46:34,306 - scrapper - INFO - Ссылка №28:2 обработана.
2024-12-25 19:46:34,307 - scrapper - INFO - Ссылка №28:3 обработана.
2024-12-25 19:46:34,307 - scrapper - INFO - Ссылка №28:4 обработана.
2024-12-25 19:46:34,308 - scrapper - INFO - Ссылка №28:5 обработана.
2024-12-25 19:46:34,309 - scrapper - INFO - Ссылка №28:6 обработана.
2024-12-25 19:46:34,309 - scrapper - INFO - Ссылка №28:7 обработана.
2024-12-25 19:46:34,310 - scrapper - INFO - Ссылка №28:8 обработана.
2024-12-25 19:46:34,311 - scrapper - INFO - Ссылка №28:9 обработана.
2024-12-25 19:46:34,311 - scrapper - INFO - Ссылка №28:10 обработана.
2024-12-25 19:46:34,312 - scrapper - INFO - Ссылка №28:11 обработана.
2024-12-25 19:46:34,312 - scrapper - INFO - Ссылка №28:12 обработана.
2024-12-25 19:46:34,313 - scrapper - INFO - Обработка страницы: https://dzen.ru/api/web/v1/topic-channel-more?country_code=ru&tab=articles&next_page_id=672479bd574d9e23104a53df%3A1731218425959%3A0&topic_identity=5169&_csrf=d3ffc737f1967aff97550caa04b9d4a0f70d2ef7-1735145205256-0-3160777171735145184%3A0&clid=1400&lang=ru
2024-12-25 19:46:34,905 - scrapper - INFO - Ссылка №29:1 обработана.
2024-12-25 19:46:34,906 - scrapper - INFO - Ссылка №29:2 обработана.
2024-12-25 19:46:34,906 - scrapper - INFO - Ссылка №29:3 обработана.
2024-12-25 19:46:34,907 - scrapper - INFO - Ссылка №29:4 обработана.
2024-12-25 19:46:34,907 - scrapper - INFO - Ссылка №29:5 обработана.
2024-12-25 19:46:34,908 - scrapper - INFO - Ссылка №29:6 обработана.
2024-12-25 19:46:34,909 - scrapper - INFO - Ссылка №29:7 обработана.
2024-12-25 19:46:34,909 - scrapper - INFO - Ссылка №29:8 обработана.
2024-12-25 19:46:34,909 - scrapper - INFO - Ссылка №29:9 обработана.
2024-12-25 19:46:34,911 - scrapper - INFO - Ссылка №29:10 обработана.
2024-12-25 19:46:34,911 - scrapper - INFO - Ссылка №29:11 обработана.
2024-12-25 19:46:34,912 - scrapper - INFO - Ссылка №29:12 обработана.
2024-12-25 19:46:34,912 - scrapper - INFO - Обработка страницы: https://dzen.ru/api/web/v1/topic-channel-more?country_code=ru&tab=articles&next_page_id=672d9d4342b2fe7f728af87d%3A1731043026813%3A0&topic_identity=5169&clid=1400&_csrf=5679a61407e18ed2cee5fa752f24917787c69e16-1735145205742-0-3160777171735145184%3A0&lang=ru
2024-12-25 19:46:35,469 - scrapper - INFO - Ссылка №30:1 обработана.
2024-12-25 19:46:35,469 - scrapper - INFO - Ссылка №30:2 обработана.
2024-12-25 19:46:35,471 - scrapper - INFO - Ссылка №30:3 обработана.
2024-12-25 19:46:35,471 - scrapper - INFO - Ссылка №30:4 обработана.
2024-12-25 19:46:35,472 - scrapper - INFO - Ссылка №30:5 обработана.
2024-12-25 19:46:35,473 - scrapper - INFO - Ссылка №30:6 обработана.
2024-12-25 19:46:35,473 - scrapper - INFO - Ссылка №30:7 обработана.
2024-12-25 19:46:35,474 - scrapper - INFO - Ссылка №30:8 обработана.
2024-12-25 19:46:35,474 - scrapper - INFO - Ссылка №30:9 обработана.
2024-12-25 19:46:35,475 - scrapper - INFO - Ссылка №30:10 обработана.
2024-12-25 19:46:35,475 - scrapper - INFO - Ссылка №30:11 обработана.
2024-12-25 19:46:35,476 - scrapper - INFO - Ссылка №30:12 обработана.
2024-12-25 19:46:35,477 - scrapper - INFO - Обработка страницы: https://dzen.ru/api/web/v1/topic-channel-more?country_code=ru&tab=articles&next_page_id=672bd576660a6e2a5b630e4c%3A1730952043638%3A0&topic_identity=5169&_csrf=a2e3ad4be61006dd34f97919bc872fa1524a8479-1735145206346-0-3160777171735145184%3A0&clid=1400&lang=ru
2024-12-25 19:46:36,039 - scrapper - INFO - Ссылка №31:1 обработана.
2024-12-25 19:46:36,041 - scrapper - INFO - Ссылка №31:2 обработана.
2024-12-25 19:46:36,042 - scrapper - INFO - Ссылка №31:3 обработана.
2024-12-25 19:46:36,042 - scrapper - INFO - Ссылка №31:4 обработана.
2024-12-25 19:46:36,043 - scrapper - INFO - Ссылка №31:5 обработана.
2024-12-25 19:46:36,043 - scrapper - INFO - Ссылка №31:6 обработана.
2024-12-25 19:46:36,044 - scrapper - INFO - Ссылка №31:7 обработана.
2024-12-25 19:46:36,044 - scrapper - INFO - Ссылка №31:8 обработана.
2024-12-25 19:46:36,045 - scrapper - INFO - Ссылка №31:9 обработана.
2024-12-25 19:46:36,045 - scrapper - INFO - Ссылка №31:10 обработана.
2024-12-25 19:46:36,046 - scrapper - INFO - Ссылка №31:11 обработана.
2024-12-25 19:46:36,046 - scrapper - INFO - Ссылка №31:12 обработана.
2024-12-25 19:46:36,047 - scrapper - INFO - Обработка страницы: https://dzen.ru/api/web/v1/topic-channel-more?country_code=ru&tab=articles&next_page_id=6729321526783720992ce1d5%3A1730810669761%3A0&topic_identity=5169&_csrf=a42aaa3801e329c9c4b3d2788e8d2ca4e225880d-1735145206932-0-3160777171735145184%3A0&clid=1400&lang=ru
2024-12-25 19:46:36,990 - scrapper - INFO - Ссылка №32:1 обработана.
2024-12-25 19:46:36,992 - scrapper - INFO - Ссылка №32:2 обработана.
2024-12-25 19:46:36,992 - scrapper - INFO - Ссылка №32:3 обработана.
2024-12-25 19:46:36,993 - scrapper - INFO - Ссылка №32:4 обработана.
2024-12-25 19:46:36,993 - scrapper - INFO - Ссылка №32:5 обработана.
2024-12-25 19:46:36,994 - scrapper - INFO - Ссылка №32:6 обработана.
2024-12-25 19:46:36,994 - scrapper - INFO - Ссылка №32:7 обработана.
2024-12-25 19:46:36,995 - scrapper - INFO - Ссылка №32:8 обработана.
2024-12-25 19:46:36,996 - scrapper - INFO - Ссылка №32:9 обработана.
2024-12-25 19:46:36,996 - scrapper - INFO - Ссылка №32:10 обработана.
2024-12-25 19:46:36,997 - scrapper - INFO - Ссылка №32:11 обработана.
2024-12-25 19:46:36,998 - scrapper - INFO - Ссылка №32:12 обработана.
2024-12-25 19:46:36,998 - scrapper - INFO - Обработка страницы: https://dzen.ru/api/web/v1/topic-channel-more?country_code=ru&tab=articles&next_page_id=66fe1cb0303c8129ca0893dc%3A1730701889653%3A0&topic_identity=5169&clid=1400&_csrf=74ae2b7eb8f2d1a6fe73e0f233945e485dccb23b-1735145207466-0-3160777171735145184%3A0&lang=ru
2024-12-25 19:46:37,504 - scrapper - INFO - Ссылка №33:1 обработана.
2024-12-25 19:46:37,504 - scrapper - INFO - Ссылка №33:2 обработана.
2024-12-25 19:46:37,505 - scrapper - INFO - Ссылка №33:3 обработана.
2024-12-25 19:46:37,505 - scrapper - INFO - Ссылка №33:4 обработана.
2024-12-25 19:46:37,506 - scrapper - INFO - Ссылка №33:5 обработана.
2024-12-25 19:46:37,506 - scrapper - INFO - Ссылка №33:6 обработана.
2024-12-25 19:46:37,507 - scrapper - INFO - Ссылка №33:7 обработана.
2024-12-25 19:46:37,507 - scrapper - INFO - Ссылка №33:8 обработана.
2024-12-25 19:46:37,508 - scrapper - INFO - Ссылка №33:9 обработана.
2024-12-25 19:46:37,508 - scrapper - INFO - Ссылка №33:10 обработана.
2024-12-25 19:46:37,509 - scrapper - INFO - Ссылка №33:11 обработана.
2024-12-25 19:46:37,510 - scrapper - INFO - Ссылка №33:12 обработана.
2024-12-25 19:46:37,510 - scrapper - INFO - Обработка страницы: https://dzen.ru/api/web/v1/topic-channel-more?country_code=ru&tab=articles&next_page_id=672546c73d41d468acf68c05%3A1730529048361%3A0&topic_identity=5169&_csrf=0faa620fdbe1e6dc3e6a0545b61f281d1b530934-1735145208429-0-3160777171735145184%3A0&clid=1400&lang=ru
2024-12-25 19:46:38,055 - scrapper - INFO - Ссылка №34:1 обработана.
2024-12-25 19:46:38,056 - scrapper - INFO - Ссылка №34:2 обработана.
2024-12-25 19:46:38,056 - scrapper - INFO - Ссылка №34:3 обработана.
2024-12-25 19:46:38,057 - scrapper - INFO - Ссылка №34:4 обработана.
2024-12-25 19:46:38,057 - scrapper - INFO - Ссылка №34:5 обработана.
2024-12-25 19:46:38,058 - scrapper - INFO - Ссылка №34:6 обработана.
2024-12-25 19:46:38,058 - scrapper - INFO - Ссылка №34:7 обработана.
2024-12-25 19:46:38,059 - scrapper - INFO - Ссылка №34:8 обработана.
2024-12-25 19:46:38,059 - scrapper - INFO - Ссылка №34:9 обработана.
2024-12-25 19:46:38,060 - scrapper - INFO - Ссылка №34:10 обработана.
2024-12-25 19:46:38,060 - scrapper - INFO - Ссылка №34:11 обработана.
2024-12-25 19:46:38,061 - scrapper - INFO - Ссылка №34:12 обработана.
2024-12-25 19:46:38,061 - scrapper - INFO - Обработка страницы: https://dzen.ru/api/web/v1/topic-channel-more?country_code=ru&tab=articles&next_page_id=66fa86ec8785944e1b4cb876%3A1730430030549%3A0&topic_identity=5169&_csrf=a31045992e65a805645f745a080d3c86b23d92f2-1735145208933-0-3160777171735145184%3A0&clid=1400&lang=ru
2024-12-25 19:46:38,831 - scrapper - INFO - Ссылка №35:1 обработана.
2024-12-25 19:46:38,832 - scrapper - INFO - Ссылка №35:2 обработана.
2024-12-25 19:46:38,833 - scrapper - INFO - Ссылка №35:3 обработана.
2024-12-25 19:46:38,833 - scrapper - INFO - Ссылка №35:4 обработана.
2024-12-25 19:46:38,834 - scrapper - INFO - Ссылка №35:5 обработана.
2024-12-25 19:46:38,834 - scrapper - INFO - Ссылка №35:6 обработана.
2024-12-25 19:46:38,835 - scrapper - INFO - Ссылка №35:7 обработана.
2024-12-25 19:46:38,835 - scrapper - INFO - Ссылка №35:8 обработана.
2024-12-25 19:46:38,836 - scrapper - INFO - Ссылка №35:9 обработана.
2024-12-25 19:46:38,837 - scrapper - INFO - Ссылка №35:10 обработана.
2024-12-25 19:46:38,837 - scrapper - INFO - Ссылка №35:11 обработана.
2024-12-25 19:46:38,838 - scrapper - INFO - Ссылка №35:12 обработана.
2024-12-25 19:46:38,838 - scrapper - INFO - Обработка страницы: https://dzen.ru/api/web/v1/topic-channel-more?country_code=ru&tab=articles&next_page_id=6722450ba8591403ddce8d79%3A1730299553914%3A0&topic_identity=5169&clid=1400&_csrf=317f571bc686c24f675adce6a29856d8e5c7384e-1735145209493-0-3160777171735145184%3A0&lang=ru
2024-12-25 19:46:39,347 - scrapper - INFO - Ссылка №36:1 обработана.
2024-12-25 19:46:39,348 - scrapper - INFO - Ссылка №36:2 обработана.
2024-12-25 19:46:39,349 - scrapper - INFO - Ссылка №36:3 обработана.
2024-12-25 19:46:39,349 - scrapper - INFO - Ссылка №36:4 обработана.
2024-12-25 19:46:39,350 - scrapper - INFO - Ссылка №36:5 обработана.
2024-12-25 19:46:39,350 - scrapper - INFO - Ссылка №36:6 обработана.
2024-12-25 19:46:39,351 - scrapper - INFO - Ссылка №36:7 обработана.
2024-12-25 19:46:39,351 - scrapper - INFO - Ссылка №36:8 обработана.
2024-12-25 19:46:39,352 - scrapper - INFO - Ссылка №36:9 обработана.
2024-12-25 19:46:39,353 - scrapper - INFO - Ссылка №36:10 обработана.
2024-12-25 19:46:39,354 - scrapper - INFO - Ссылка №36:11 обработана.
2024-12-25 19:46:39,354 - scrapper - INFO - Ссылка №36:12 обработана.
2024-12-25 19:46:39,355 - scrapper - INFO - Обработка страницы: https://dzen.ru/api/web/v1/topic-channel-more?country_code=ru&tab=articles&next_page_id=671f6e6047a05156d548622d%3A1730189339740%3A0&topic_identity=5169&clid=1400&_csrf=53284b5006a576f3ba735770be7c12a8687954b3-1735145210268-0-3160777171735145184%3A0&lang=ru
2024-12-25 19:46:39,848 - scrapper - INFO - Ссылка №37:1 обработана.
2024-12-25 19:46:39,848 - scrapper - INFO - Ссылка №37:2 обработана.
2024-12-25 19:46:39,849 - scrapper - INFO - Ссылка №37:3 обработана.
2024-12-25 19:46:39,849 - scrapper - INFO - Ссылка №37:4 обработана.
2024-12-25 19:46:39,851 - scrapper - INFO - Ссылка №37:5 обработана.
2024-12-25 19:46:39,851 - scrapper - INFO - Ссылка №37:6 обработана.
2024-12-25 19:46:39,852 - scrapper - INFO - Ссылка №37:7 обработана.
2024-12-25 19:46:39,852 - scrapper - INFO - Ссылка №37:8 обработана.
2024-12-25 19:46:39,853 - scrapper - INFO - Ссылка №37:9 обработана.
2024-12-25 19:46:39,853 - scrapper - INFO - Ссылка №37:10 обработана.
2024-12-25 19:46:39,854 - scrapper - INFO - Ссылка №37:11 обработана.
2024-12-25 19:46:39,854 - scrapper - INFO - Ссылка №37:12 обработана.
2024-12-25 19:46:39,855 - scrapper - INFO - Обработка страницы: https://dzen.ru/api/web/v1/topic-channel-more?country_code=ru&tab=articles&next_page_id=671e7552f7d3da53a34b7bcf%3A1730049691065%3A0&topic_identity=5169&clid=1400&_csrf=42054d53bef58f4e260c853cec2f792516f9ac84-1735145210778-0-3160777171735145184%3A0&lang=ru
2024-12-25 19:46:40,303 - scrapper - INFO - Ссылка №38:1 обработана.
2024-12-25 19:46:40,304 - scrapper - INFO - Ссылка №38:2 обработана.
2024-12-25 19:46:40,304 - scrapper - INFO - Ссылка №38:3 обработана.
2024-12-25 19:46:40,305 - scrapper - INFO - Ссылка №38:4 обработана.
2024-12-25 19:46:40,306 - scrapper - INFO - Ссылка №38:5 обработана.
2024-12-25 19:46:40,306 - scrapper - INFO - Ссылка №38:6 обработана.
2024-12-25 19:46:40,307 - scrapper - INFO - Ссылка №38:7 обработана.
2024-12-25 19:46:40,307 - scrapper - INFO - Ссылка №38:8 обработана.
2024-12-25 19:46:40,308 - scrapper - INFO - Ссылка №38:9 обработана.
2024-12-25 19:46:40,308 - scrapper - INFO - Ссылка №38:10 обработана.
2024-12-25 19:46:40,309 - scrapper - INFO - Ссылка №38:11 обработана.
2024-12-25 19:46:40,310 - scrapper - INFO - Ссылка №38:12 обработана.
2024-12-25 19:46:40,310 - scrapper - INFO - Обработка страницы: https://dzen.ru/api/web/v1/topic-channel-more?country_code=ru&tab=articles&next_page_id=671cb3e7c28c1745e480e6d6%3A1729935700323%3A0&topic_identity=5169&_csrf=fea4d5099f75bd8c4691cdb9f118c9adebf9e1d9-1735145211265-0-3160777171735145184%3A0&clid=1400&lang=ru
2024-12-25 19:46:40,984 - scrapper - INFO - Ссылка №39:1 обработана.
2024-12-25 19:46:40,985 - scrapper - INFO - Ссылка №39:2 обработана.
2024-12-25 19:46:40,985 - scrapper - INFO - Ссылка №39:3 обработана.
2024-12-25 19:46:40,986 - scrapper - INFO - Ссылка №39:4 обработана.
2024-12-25 19:46:40,986 - scrapper - INFO - Ссылка №39:5 обработана.
2024-12-25 19:46:40,987 - scrapper - INFO - Ссылка №39:6 обработана.
2024-12-25 19:46:40,988 - scrapper - INFO - Ссылка №39:7 обработана.
2024-12-25 19:46:40,989 - scrapper - INFO - Ссылка №39:8 обработана.
2024-12-25 19:46:40,989 - scrapper - INFO - Ссылка №39:9 обработана.
2024-12-25 19:46:40,990 - scrapper - INFO - Ссылка №39:10 обработана.
2024-12-25 19:46:40,990 - scrapper - INFO - Ссылка №39:11 обработана.
2024-12-25 19:46:40,991 - scrapper - INFO - Ссылка №39:12 обработана.
2024-12-25 19:46:40,991 - scrapper - INFO - Обработка страницы: https://dzen.ru/api/web/v1/topic-channel-more?country_code=ru&tab=articles&next_page_id=670d5e374281034c23f6768f%3A1729825292167%3A0&topic_identity=5169&_csrf=ad1d1f3c2afde6c288c74e7189976789812637f8-1735145211734-0-3160777171735145184%3A0&clid=1400&lang=ru
2024-12-25 19:46:41,777 - scrapper - INFO - Ссылка №40:1 обработана.
2024-12-25 19:46:41,777 - scrapper - INFO - Ссылка №40:2 обработана.
2024-12-25 19:46:41,778 - scrapper - INFO - Ссылка №40:3 обработана.
2024-12-25 19:46:41,779 - scrapper - INFO - Ссылка №40:4 обработана.
2024-12-25 19:46:41,779 - scrapper - INFO - Ссылка №40:5 обработана.
2024-12-25 19:46:41,780 - scrapper - INFO - Ссылка №40:6 обработана.
2024-12-25 19:46:41,780 - scrapper - INFO - Ссылка №40:7 обработана.
2024-12-25 19:46:41,781 - scrapper - INFO - Ссылка №40:8 обработана.
2024-12-25 19:46:41,782 - scrapper - INFO - Ссылка №40:9 обработана.
2024-12-25 19:46:41,782 - scrapper - INFO - Ссылка №40:10 обработана.
2024-12-25 19:46:41,783 - scrapper - INFO - Ссылка №40:11 обработана.
2024-12-25 19:46:41,783 - scrapper - INFO - Ссылка №40:12 обработана.
2024-12-25 19:46:41,784 - scrapper - INFO - Обработка страницы: https://dzen.ru/api/web/v1/topic-channel-more?country_code=ru&tab=articles&next_page_id=6717e9575f570c4e0bab66d8%3A1729703759345%3A0&topic_identity=5169&clid=1400&_csrf=0ebe80cb4105a1466b27f31768fc8ae2211b677a-1735145212436-0-3160777171735145184%3A0&lang=ru
2024-12-25 19:46:42,428 - scrapper - INFO - Ссылка №41:1 обработана.
2024-12-25 19:46:42,429 - scrapper - INFO - Ссылка №41:2 обработана.
2024-12-25 19:46:42,429 - scrapper - INFO - Ссылка №41:3 обработана.
2024-12-25 19:46:42,430 - scrapper - INFO - Ссылка №41:4 обработана.
2024-12-25 19:46:42,431 - scrapper - INFO - Ссылка №41:5 обработана.
2024-12-25 19:46:42,431 - scrapper - INFO - Ссылка №41:6 обработана.
2024-12-25 19:46:42,432 - scrapper - INFO - Ссылка №41:7 обработана.
2024-12-25 19:46:42,432 - scrapper - INFO - Ссылка №41:8 обработана.
2024-12-25 19:46:42,433 - scrapper - INFO - Ссылка №41:9 обработана.
2024-12-25 19:46:42,434 - scrapper - INFO - Ссылка №41:10 обработана.
2024-12-25 19:46:42,434 - scrapper - INFO - Ссылка №41:11 обработана.
2024-12-25 19:46:42,435 - scrapper - INFO - Ссылка №41:12 обработана.
2024-12-25 19:46:42,436 - scrapper - INFO - Обработка страницы: https://dzen.ru/api/web/v1/topic-channel-more?country_code=ru&tab=articles&next_page_id=66f7b39eab9fe7195921d54d%3A1729588433511%3A0&topic_identity=5169&clid=1400&_csrf=0b42c3024cebf01e6fb31c1affe9f3390b5f91f2-1735145213227-0-3160777171735145184%3A0&lang=ru
2024-12-25 19:46:42,951 - scrapper - INFO - Ссылка №42:1 обработана.
2024-12-25 19:46:42,951 - scrapper - INFO - Ссылка №42:2 обработана.
2024-12-25 19:46:42,952 - scrapper - INFO - Ссылка №42:3 обработана.
2024-12-25 19:46:42,953 - scrapper - INFO - Ссылка №42:4 обработана.
2024-12-25 19:46:42,954 - scrapper - INFO - Ссылка №42:5 обработана.
2024-12-25 19:46:42,954 - scrapper - INFO - Ссылка №42:6 обработана.
2024-12-25 19:46:42,955 - scrapper - INFO - Ссылка №42:7 обработана.
2024-12-25 19:46:42,955 - scrapper - INFO - Ссылка №42:8 обработана.
2024-12-25 19:46:42,956 - scrapper - INFO - Ссылка №42:9 обработана.
2024-12-25 19:46:42,956 - scrapper - INFO - Ссылка №42:10 обработана.
2024-12-25 19:46:42,957 - scrapper - INFO - Ссылка №42:11 обработана.
2024-12-25 19:46:42,957 - scrapper - INFO - Ссылка №42:12 обработана.
2024-12-25 19:46:42,958 - scrapper - INFO - Обработка страницы: https://dzen.ru/api/web/v1/topic-channel-more?country_code=ru&tab=articles&next_page_id=6713ce8921b40b154b32c25c%3A1729508812018%3A0&topic_identity=5169&clid=1400&_csrf=cf5947e61feadb245605f6ca163fcdf7ce5f4281-1735145213866-0-3160777171735145184%3A0&lang=ru
2024-12-25 19:46:43,429 - scrapper - INFO - Ссылка №43:1 обработана.
2024-12-25 19:46:43,430 - scrapper - INFO - Ссылка №43:2 обработана.
2024-12-25 19:46:43,431 - scrapper - INFO - Ссылка №43:3 обработана.
2024-12-25 19:46:43,431 - scrapper - INFO - Ссылка №43:4 обработана.
2024-12-25 19:46:43,432 - scrapper - INFO - Ссылка №43:5 обработана.
2024-12-25 19:46:43,432 - scrapper - INFO - Ссылка №43:6 обработана.
2024-12-25 19:46:43,433 - scrapper - INFO - Ссылка №43:7 обработана.
2024-12-25 19:46:43,433 - scrapper - INFO - Ссылка №43:8 обработана.
2024-12-25 19:46:43,435 - scrapper - INFO - Ссылка №43:9 обработана.
2024-12-25 19:46:43,435 - scrapper - INFO - Ссылка №43:10 обработана.
2024-12-25 19:46:43,436 - scrapper - INFO - Ссылка №43:11 обработана.
2024-12-25 19:46:43,436 - scrapper - INFO - Ссылка №43:12 обработана.
2024-12-25 19:46:43,437 - scrapper - INFO - Обработка страницы: https://dzen.ru/api/web/v1/topic-channel-more?country_code=ru&tab=articles&next_page_id=6710d8d0551d05140217e7c9%3A1729393221090%3A0&topic_identity=5169&clid=1400&_csrf=899e213a1e98f6ed6207f4f5c0e3a4656fa5c923-1735145214388-0-3160777171735145184%3A0&lang=ru
2024-12-25 19:46:43,932 - scrapper - INFO - Ссылка №44:1 обработана.
2024-12-25 19:46:43,933 - scrapper - INFO - Ссылка №44:2 обработана.
2024-12-25 19:46:43,934 - scrapper - INFO - Ссылка №44:3 обработана.
2024-12-25 19:46:43,935 - scrapper - INFO - Ссылка №44:4 обработана.
2024-12-25 19:46:43,935 - scrapper - INFO - Ссылка №44:5 обработана.
2024-12-25 19:46:43,936 - scrapper - INFO - Ссылка №44:6 обработана.
2024-12-25 19:46:43,937 - scrapper - INFO - Ссылка №44:7 обработана.
2024-12-25 19:46:43,937 - scrapper - INFO - Ссылка №44:8 обработана.
2024-12-25 19:46:43,938 - scrapper - INFO - Ссылка №44:9 обработана.
2024-12-25 19:46:43,938 - scrapper - INFO - Ссылка №44:10 обработана.
2024-12-25 19:46:43,939 - scrapper - INFO - Ссылка №44:11 обработана.
2024-12-25 19:46:43,939 - scrapper - INFO - Ссылка №44:12 обработана.
2024-12-25 19:46:43,940 - scrapper - INFO - Обработка страницы: https://dzen.ru/api/web/v1/topic-channel-more?country_code=ru&tab=articles&next_page_id=670beea88c2bc40f572ae20b%3A1729220491176%3A0&topic_identity=5169&_csrf=47d40211b244556a0d052fe6093e20619ce04fe8-1735145214881-0-3160777171735145184%3A0&clid=1400&lang=ru
2024-12-25 19:46:44,495 - scrapper - INFO - Ссылка №45:1 обработана.
2024-12-25 19:46:44,496 - scrapper - INFO - Ссылка №45:2 обработана.
2024-12-25 19:46:44,497 - scrapper - INFO - Ссылка №45:3 обработана.
2024-12-25 19:46:44,498 - scrapper - INFO - Ссылка №45:4 обработана.
2024-12-25 19:46:44,498 - scrapper - INFO - Ссылка №45:5 обработана.
2024-12-25 19:46:44,499 - scrapper - INFO - Ссылка №45:6 обработана.
2024-12-25 19:46:44,499 - scrapper - INFO - Ссылка №45:7 обработана.
2024-12-25 19:46:44,500 - scrapper - INFO - Ссылка №45:8 обработана.
2024-12-25 19:46:44,501 - scrapper - INFO - Ссылка №45:9 обработана.
2024-12-25 19:46:44,501 - scrapper - INFO - Ссылка №45:10 обработана.
2024-12-25 19:46:44,502 - scrapper - INFO - Ссылка №45:11 обработана.
2024-12-25 19:46:44,503 - scrapper - INFO - Ссылка №45:12 обработана.
2024-12-25 19:46:44,504 - scrapper - INFO - Обработка страницы: https://dzen.ru/api/web/v1/topic-channel-more?country_code=ru&tab=articles&next_page_id=670fcf2868c8c628d2fda719%3A1729089435856%3A0&topic_identity=5169&clid=1400&_csrf=1af5da23471b8d856aacb47a37491efd7d6c74e5-1735145215386-0-3160777171735145184%3A0&lang=ru
2024-12-25 19:46:45,123 - scrapper - INFO - Ссылка №46:1 обработана.
2024-12-25 19:46:45,124 - scrapper - INFO - Ссылка №46:2 обработана.
2024-12-25 19:46:45,125 - scrapper - INFO - Ссылка №46:3 обработана.
2024-12-25 19:46:45,126 - scrapper - INFO - Ссылка №46:4 обработана.
2024-12-25 19:46:45,126 - scrapper - INFO - Ссылка №46:5 обработана.
2024-12-25 19:46:45,127 - scrapper - INFO - Ссылка №46:6 обработана.
2024-12-25 19:46:45,127 - scrapper - INFO - Ссылка №46:7 обработана.
2024-12-25 19:46:45,128 - scrapper - INFO - Ссылка №46:8 обработана.
2024-12-25 19:46:45,128 - scrapper - INFO - Ссылка №46:9 обработана.
2024-12-25 19:46:45,129 - scrapper - INFO - Ссылка №46:10 обработана.
2024-12-25 19:46:45,129 - scrapper - INFO - Ссылка №46:11 обработана.
2024-12-25 19:46:45,139 - scrapper - INFO - Ссылка №46:12 обработана.
2024-12-25 19:46:45,140 - scrapper - INFO - Обработка страницы: https://dzen.ru/api/web/v1/topic-channel-more?country_code=ru&tab=articles&next_page_id=670e38961803eb3b46b045bf%3A1728985489959%3A0&topic_identity=5169&clid=1400&_csrf=d9caebed97eacb2653bb34fa76b6dc40b2574b3f-1735145215945-0-3160777171735145184%3A0&lang=ru
2024-12-25 19:46:45,630 - scrapper - INFO - Ссылка №47:1 обработана.
2024-12-25 19:46:45,631 - scrapper - INFO - Ссылка №47:2 обработана.
2024-12-25 19:46:45,631 - scrapper - INFO - Ссылка №47:3 обработана.
2024-12-25 19:46:45,632 - scrapper - INFO - Ссылка №47:4 обработана.
2024-12-25 19:46:45,632 - scrapper - INFO - Ссылка №47:5 обработана.
2024-12-25 19:46:45,633 - scrapper - INFO - Ссылка №47:6 обработана.
2024-12-25 19:46:45,633 - scrapper - INFO - Ссылка №47:7 обработана.
2024-12-25 19:46:45,634 - scrapper - INFO - Ссылка №47:8 обработана.
2024-12-25 19:46:45,635 - scrapper - INFO - Ссылка №47:9 обработана.
2024-12-25 19:46:45,635 - scrapper - INFO - Ссылка №47:10 обработана.
2024-12-25 19:46:45,636 - scrapper - INFO - Ссылка №47:11 обработана.
2024-12-25 19:46:45,637 - scrapper - INFO - Ссылка №47:12 обработана.
2024-12-25 19:46:45,637 - scrapper - INFO - Обработка страницы: https://dzen.ru/api/web/v1/topic-channel-more?country_code=ru&tab=articles&next_page_id=670b8877353dbb6d0fc7d5f7%3A1728887463344%3A0&topic_identity=5169&_csrf=48780e580c0127141221dd90f6171df7e7f30b80-1735145216561-0-3160777171735145184%3A0&clid=1400&lang=ru
2024-12-25 19:46:46,333 - scrapper - INFO - Ссылка №48:1 обработана.
2024-12-25 19:46:46,334 - scrapper - INFO - Ссылка №48:2 обработана.
2024-12-25 19:46:46,335 - scrapper - INFO - Ссылка №48:3 обработана.
2024-12-25 19:46:46,336 - scrapper - INFO - Ссылка №48:4 обработана.
2024-12-25 19:46:46,337 - scrapper - INFO - Ссылка №48:5 обработана.
2024-12-25 19:46:46,338 - scrapper - INFO - Ссылка №48:6 обработана.
2024-12-25 19:46:46,338 - scrapper - INFO - Ссылка №48:7 обработана.
2024-12-25 19:46:46,339 - scrapper - INFO - Ссылка №48:8 обработана.
2024-12-25 19:46:46,340 - scrapper - INFO - Ссылка №48:9 обработана.
2024-12-25 19:46:46,341 - scrapper - INFO - Ссылка №48:10 обработана.
2024-12-25 19:46:46,342 - scrapper - INFO - Ссылка №48:11 обработана.
2024-12-25 19:46:46,343 - scrapper - INFO - Ссылка №48:12 обработана.
2024-12-25 19:46:46,344 - scrapper - INFO - Обработка страницы: https://dzen.ru/api/web/v1/topic-channel-more?country_code=ru&tab=articles&next_page_id=66ef1997576d5e047eb937c5%3A1728723324579%3A0&topic_identity=5169&clid=1400&_csrf=dd0844d4ef05c34686000c03f4feab7f228e5126-1735145217108-0-3160777171735145184%3A0&lang=ru
2024-12-25 19:46:46,895 - scrapper - INFO - Ссылка №49:1 обработана.
2024-12-25 19:46:46,896 - scrapper - INFO - Ссылка №49:2 обработана.
2024-12-25 19:46:46,897 - scrapper - INFO - Ссылка №49:3 обработана.
2024-12-25 19:46:46,897 - scrapper - INFO - Ссылка №49:4 обработана.
2024-12-25 19:46:46,898 - scrapper - INFO - Ссылка №49:5 обработана.
2024-12-25 19:46:46,898 - scrapper - INFO - Ссылка №49:6 обработана.
2024-12-25 19:46:46,899 - scrapper - INFO - Ссылка №49:7 обработана.
2024-12-25 19:46:46,899 - scrapper - INFO - Ссылка №49:8 обработана.
2024-12-25 19:46:46,900 - scrapper - INFO - Ссылка №49:9 обработана.
2024-12-25 19:46:46,900 - scrapper - INFO - Ссылка №49:10 обработана.
2024-12-25 19:46:46,901 - scrapper - INFO - Ссылка №49:11 обработана.
2024-12-25 19:46:46,902 - scrapper - INFO - Ссылка №49:12 обработана.
2024-12-25 19:46:46,902 - scrapper - INFO - Обработка страницы: https://dzen.ru/api/web/v1/topic-channel-more?country_code=ru&tab=articles&next_page_id=67067a194ac7562f9ecb5b22%3A1728565113728%3A0&topic_identity=5169&_csrf=91b9ada2388c692fa39f266c4f4fcd0ebadfa326-1735145217791-0-3160777171735145184%3A0&clid=1400&lang=ru
2024-12-25 19:46:47,600 - scrapper - INFO - Ссылка №50:1 обработана.
2024-12-25 19:46:47,600 - scrapper - INFO - Ссылка №50:2 обработана.
2024-12-25 19:46:47,602 - scrapper - INFO - Ссылка №50:3 обработана.
2024-12-25 19:46:47,603 - scrapper - INFO - Ссылка №50:4 обработана.
2024-12-25 19:46:47,604 - scrapper - INFO - Ссылка №50:5 обработана.
2024-12-25 19:46:47,605 - scrapper - INFO - Ссылка №50:6 обработана.
2024-12-25 19:46:47,605 - scrapper - INFO - Ссылка №50:7 обработана.
2024-12-25 19:46:47,606 - scrapper - INFO - Ссылка №50:8 обработана.
2024-12-25 19:46:47,607 - scrapper - INFO - Ссылка №50:9 обработана.
2024-12-25 19:46:47,607 - scrapper - INFO - Ссылка №50:10 обработана.
2024-12-25 19:46:47,608 - scrapper - INFO - Ссылка №50:11 обработана.
2024-12-25 19:46:47,609 - scrapper - INFO - Ссылка №50:12 обработана.
2024-12-25 19:46:47,610 - scrapper - INFO - Обработка страницы: https://dzen.ru/api/web/v1/topic-channel-more?country_code=ru&tab=articles&next_page_id=67058b0545d6d72caaec2263%3A1728457539498%3A0&topic_identity=5169&_csrf=4c300aeff2ddd790f97d58deb0361c084c45342f-1735145218334-0-3160777171735145184%3A0&clid=1400&lang=ru
2024-12-25 19:46:48,541 - scrapper - INFO - Ссылка №51:1 обработана.
2024-12-25 19:46:48,542 - scrapper - INFO - Ссылка №51:2 обработана.
2024-12-25 19:46:48,542 - scrapper - INFO - Ссылка №51:3 обработана.
2024-12-25 19:46:48,542 - scrapper - INFO - Ссылка №51:4 обработана.
2024-12-25 19:46:48,543 - scrapper - INFO - Ссылка №51:5 обработана.
2024-12-25 19:46:48,543 - scrapper - INFO - Ссылка №51:6 обработана.
2024-12-25 19:46:48,543 - scrapper - INFO - Ссылка №51:7 обработана.
2024-12-25 19:46:48,544 - scrapper - INFO - Ссылка №51:8 обработана.
2024-12-25 19:46:48,544 - scrapper - INFO - Ссылка №51:9 обработана.
2024-12-25 19:46:48,545 - scrapper - INFO - Ссылка №51:10 обработана.
2024-12-25 19:46:48,545 - scrapper - INFO - Ссылка №51:11 обработана.
2024-12-25 19:46:48,545 - scrapper - INFO - Ссылка №51:12 обработана.
2024-12-25 19:46:48,546 - scrapper - INFO - Обработка страницы: https://dzen.ru/api/web/v1/topic-channel-more?country_code=ru&tab=articles&next_page_id=6704447b303c8129caaa0cbd%3A1728369032673%3A0&topic_identity=5169&clid=1400&_csrf=cc20b68fbc830c18cafd26a5f9ff93d6e903de10-1735145219101-0-3160777171735145184%3A0&lang=ru
2024-12-25 19:46:49,214 - scrapper - INFO - Ссылка №52:1 обработана.
2024-12-25 19:46:49,215 - scrapper - INFO - Ссылка №52:2 обработана.
2024-12-25 19:46:49,216 - scrapper - INFO - Ссылка №52:3 обработана.
2024-12-25 19:46:49,217 - scrapper - INFO - Ссылка №52:4 обработана.
2024-12-25 19:46:49,217 - scrapper - INFO - Ссылка №52:5 обработана.
2024-12-25 19:46:49,218 - scrapper - INFO - Ссылка №52:6 обработана.
2024-12-25 19:46:49,218 - scrapper - INFO - Ссылка №52:7 обработана.
2024-12-25 19:46:49,219 - scrapper - INFO - Ссылка №52:8 обработана.
2024-12-25 19:46:49,220 - scrapper - INFO - Ссылка №52:9 обработана.
2024-12-25 19:46:49,221 - scrapper - INFO - Ссылка №52:10 обработана.
2024-12-25 19:46:49,221 - scrapper - INFO - Ссылка №52:11 обработана.
2024-12-25 19:46:49,222 - scrapper - INFO - Ссылка №52:12 обработана.
2024-12-25 19:46:49,222 - scrapper - INFO - Обработка страницы: https://dzen.ru/api/web/v1/topic-channel-more?country_code=ru&tab=articles&next_page_id=66faab7e9351f23e64252f8e%3A1728199677288%3A0&topic_identity=5169&clid=1400&_csrf=2907c60b008330fbdb813fc5c7a395af4cd883da-1735145220038-0-3160777171735145184%3A0&lang=ru
2024-12-25 19:46:49,732 - scrapper - INFO - Ссылка №53:1 обработана.
2024-12-25 19:46:49,734 - scrapper - INFO - Ссылка №53:2 обработана.
2024-12-25 19:46:49,735 - scrapper - INFO - Ссылка №53:3 обработана.
2024-12-25 19:46:49,735 - scrapper - INFO - Ссылка №53:4 обработана.
2024-12-25 19:46:49,736 - scrapper - INFO - Ссылка №53:5 обработана.
2024-12-25 19:46:49,736 - scrapper - INFO - Ссылка №53:6 обработана.
2024-12-25 19:46:49,737 - scrapper - INFO - Ссылка №53:7 обработана.
2024-12-25 19:46:49,737 - scrapper - INFO - Ссылка №53:8 обработана.
2024-12-25 19:46:49,738 - scrapper - INFO - Ссылка №53:9 обработана.
2024-12-25 19:46:49,738 - scrapper - INFO - Ссылка №53:10 обработана.
2024-12-25 19:46:49,739 - scrapper - INFO - Ссылка №53:11 обработана.
2024-12-25 19:46:49,740 - scrapper - INFO - Ссылка №53:12 обработана.
2024-12-25 19:46:49,740 - scrapper - INFO - Обработка страницы: https://dzen.ru/api/web/v1/topic-channel-more?country_code=ru&tab=articles&next_page_id=66fede134a836a5f02cbe790%3A1728023436133%3A0&topic_identity=5169&clid=1400&_csrf=cf721fa15e3dda63811761abec0e902b4aba9b31-1735145220652-0-3160777171735145184%3A0&lang=ru
2024-12-25 19:46:50,661 - scrapper - INFO - Ссылка №54:1 обработана.
2024-12-25 19:46:50,662 - scrapper - INFO - Ссылка №54:2 обработана.
2024-12-25 19:46:50,663 - scrapper - INFO - Ссылка №54:3 обработана.
2024-12-25 19:46:50,664 - scrapper - INFO - Ссылка №54:4 обработана.
2024-12-25 19:46:50,664 - scrapper - INFO - Ссылка №54:5 обработана.
2024-12-25 19:46:50,665 - scrapper - INFO - Ссылка №54:6 обработана.
2024-12-25 19:46:50,665 - scrapper - INFO - Ссылка №54:7 обработана.
2024-12-25 19:46:50,666 - scrapper - INFO - Ссылка №54:8 обработана.
2024-12-25 19:46:50,666 - scrapper - INFO - Ссылка №54:9 обработана.
2024-12-25 19:46:50,667 - scrapper - INFO - Ссылка №54:10 обработана.
2024-12-25 19:46:50,667 - scrapper - INFO - Ссылка №54:11 обработана.
2024-12-25 19:46:50,668 - scrapper - INFO - Ссылка №54:12 обработана.
2024-12-25 19:46:50,668 - scrapper - INFO - Обработка страницы: https://dzen.ru/api/web/v1/topic-channel-more?country_code=ru&tab=articles&next_page_id=66f32dcd285d0324dcb08255%3A1727924438090%3A0&topic_identity=5169&_csrf=d72d09f5d331b8eaa76daaa32c4301b0b37c0869-1735145221179-0-3160777171735145184%3A0&clid=1400&lang=ru
2024-12-25 19:46:51,392 - scrapper - INFO - Ссылка №55:1 обработана.
2024-12-25 19:46:51,393 - scrapper - INFO - Ссылка №55:2 обработана.
2024-12-25 19:46:51,394 - scrapper - INFO - Ссылка №55:3 обработана.
2024-12-25 19:46:51,394 - scrapper - INFO - Ссылка №55:4 обработана.
2024-12-25 19:46:51,395 - scrapper - INFO - Ссылка №55:5 обработана.
2024-12-25 19:46:51,395 - scrapper - INFO - Ссылка №55:6 обработана.
2024-12-25 19:46:51,396 - scrapper - INFO - Ссылка №55:7 обработана.
2024-12-25 19:46:51,397 - scrapper - INFO - Ссылка №55:8 обработана.
2024-12-25 19:46:51,397 - scrapper - INFO - Ссылка №55:9 обработана.
2024-12-25 19:46:51,398 - scrapper - INFO - Ссылка №55:10 обработана.
2024-12-25 19:46:51,398 - scrapper - INFO - Ссылка №55:11 обработана.
2024-12-25 19:46:51,399 - scrapper - INFO - Ссылка №55:12 обработана.
2024-12-25 19:46:51,399 - scrapper - INFO - Обработка страницы: https://dzen.ru/api/web/v1/topic-channel-more?country_code=ru&tab=articles&next_page_id=66fb87faccb89344762bcc54%3A1727760844500%3A0&topic_identity=5169&clid=1400&_csrf=4c511fc5f3276726b4c6557a49584ac19e42098d-1735145222108-0-3160777171735145184%3A0&lang=ru
2024-12-25 19:46:52,681 - scrapper - INFO - Ссылка №56:1 обработана.
2024-12-25 19:46:52,682 - scrapper - INFO - Ссылка №56:2 обработана.
2024-12-25 19:46:52,683 - scrapper - INFO - Ссылка №56:3 обработана.
2024-12-25 19:46:52,684 - scrapper - INFO - Ссылка №56:4 обработана.
2024-12-25 19:46:52,684 - scrapper - INFO - Ссылка №56:5 обработана.
2024-12-25 19:46:52,685 - scrapper - INFO - Ссылка №56:6 обработана.
2024-12-25 19:46:52,685 - scrapper - INFO - Ссылка №56:7 обработана.
2024-12-25 19:46:52,686 - scrapper - INFO - Ссылка №56:8 обработана.
2024-12-25 19:46:52,686 - scrapper - INFO - Ссылка №56:9 обработана.
2024-12-25 19:46:52,687 - scrapper - INFO - Ссылка №56:10 обработана.
2024-12-25 19:46:52,687 - scrapper - INFO - Ссылка №56:11 обработана.
2024-12-25 19:46:52,688 - scrapper - INFO - Ссылка №56:12 обработана.
2024-12-25 19:46:52,689 - scrapper - INFO - Обработка страницы: https://dzen.ru/api/web/v1/topic-channel-more?country_code=ru&tab=articles&next_page_id=66f84428800c4546a38b4ebb%3A1727589635524%3A0&topic_identity=5169&clid=1400&_csrf=a872f5eff41c612000a8d0c682f5a98112012bb0-1735145222816-0-3160777171735145184%3A0&lang=ru
2024-12-25 19:46:53,302 - scrapper - INFO - Ссылка №57:1 обработана.
2024-12-25 19:46:53,302 - scrapper - INFO - Ссылка №57:2 обработана.
2024-12-25 19:46:53,303 - scrapper - INFO - Ссылка №57:3 обработана.
2024-12-25 19:46:53,304 - scrapper - INFO - Ссылка №57:4 обработана.
2024-12-25 19:46:53,304 - scrapper - INFO - Ссылка №57:5 обработана.
2024-12-25 19:46:53,305 - scrapper - INFO - Ссылка №57:6 обработана.
2024-12-25 19:46:53,305 - scrapper - INFO - Ссылка №57:7 обработана.
2024-12-25 19:46:53,306 - scrapper - INFO - Ссылка №57:8 обработана.
2024-12-25 19:46:53,306 - scrapper - INFO - Ссылка №57:9 обработана.
2024-12-25 19:46:53,307 - scrapper - INFO - Ссылка №57:10 обработана.
2024-12-25 19:46:53,307 - scrapper - INFO - Ссылка №57:11 обработана.
2024-12-25 19:46:53,308 - scrapper - INFO - Ссылка №57:12 обработана.
2024-12-25 19:46:53,309 - scrapper - INFO - Обработка страницы: https://dzen.ru/api/web/v1/topic-channel-more?country_code=ru&tab=articles&next_page_id=66ea9469e910864e65741010%3A1727413217348%3A0&topic_identity=5169&clid=1400&_csrf=2ea5d880da59e6b0eb788ea2904e3c84d55c65f3-1735145224139-0-3160777171735145184%3A0&lang=ru
2024-12-25 19:46:53,893 - scrapper - INFO - Ссылка №58:1 обработана.
2024-12-25 19:46:53,894 - scrapper - INFO - Ссылка №58:2 обработана.
2024-12-25 19:46:53,895 - scrapper - INFO - Ссылка №58:3 обработана.
2024-12-25 19:46:53,896 - scrapper - INFO - Ссылка №58:4 обработана.
2024-12-25 19:46:53,896 - scrapper - INFO - Ссылка №58:5 обработана.
2024-12-25 19:46:53,897 - scrapper - INFO - Ссылка №58:6 обработана.
2024-12-25 19:46:53,897 - scrapper - INFO - Ссылка №58:7 обработана.
2024-12-25 19:46:53,898 - scrapper - INFO - Ссылка №58:8 обработана.
2024-12-25 19:46:53,898 - scrapper - INFO - Ссылка №58:9 обработана.
2024-12-25 19:46:53,899 - scrapper - INFO - Ссылка №58:10 обработана.
2024-12-25 19:46:53,899 - scrapper - INFO - Ссылка №58:11 обработана.
2024-12-25 19:46:53,900 - scrapper - INFO - Ссылка №58:12 обработана.
2024-12-25 19:46:53,900 - scrapper - INFO - Обработка страницы: https://dzen.ru/api/web/v1/topic-channel-more?country_code=ru&tab=articles&next_page_id=66ec70dc9578c841a398bceb%3A1727319654611%3A0&topic_identity=5169&_csrf=381b70e017792f501a22c574ac1120f6d7359436-1735145224752-0-3160777171735145184%3A0&clid=1400&lang=ru
2024-12-25 19:46:54,734 - scrapper - INFO - Ссылка №59:1 обработана.
2024-12-25 19:46:54,735 - scrapper - INFO - Ссылка №59:2 обработана.
2024-12-25 19:46:54,735 - scrapper - INFO - Ссылка №59:3 обработана.
2024-12-25 19:46:54,736 - scrapper - INFO - Ссылка №59:4 обработана.
2024-12-25 19:46:54,736 - scrapper - INFO - Ссылка №59:5 обработана.
2024-12-25 19:46:54,737 - scrapper - INFO - Ссылка №59:6 обработана.
2024-12-25 19:46:54,737 - scrapper - INFO - Ссылка №59:7 обработана.
2024-12-25 19:46:54,738 - scrapper - INFO - Ссылка №59:8 обработана.
2024-12-25 19:46:54,739 - scrapper - INFO - Ссылка №59:9 обработана.
2024-12-25 19:46:54,740 - scrapper - INFO - Ссылка №59:10 обработана.
2024-12-25 19:46:54,740 - scrapper - INFO - Ссылка №59:11 обработана.
2024-12-25 19:46:54,741 - scrapper - INFO - Ссылка №59:12 обработана.
2024-12-25 19:46:54,741 - scrapper - INFO - Обработка страницы: https://dzen.ru/api/web/v1/topic-channel-more?country_code=ru&tab=articles&next_page_id=66e820f72986e420bf5101d3%3A1727179310647%3A0&topic_identity=5169&clid=1400&_csrf=c22ba37ec350831fbca1eb1c951ba360852271a8-1735145225334-0-3160777171735145184%3A0&lang=ru
2024-12-25 19:46:55,274 - scrapper - INFO - Ссылка №60:1 обработана.
2024-12-25 19:46:55,274 - scrapper - INFO - Ссылка №60:2 обработана.
2024-12-25 19:46:55,275 - scrapper - INFO - Ссылка №60:3 обработана.
2024-12-25 19:46:55,275 - scrapper - INFO - Ссылка №60:4 обработана.
2024-12-25 19:46:55,276 - scrapper - INFO - Ссылка №60:5 обработана.
2024-12-25 19:46:55,276 - scrapper - INFO - Ссылка №60:6 обработана.
2024-12-25 19:46:55,277 - scrapper - INFO - Ссылка №60:7 обработана.
2024-12-25 19:46:55,278 - scrapper - INFO - Ссылка №60:8 обработана.
2024-12-25 19:46:55,278 - scrapper - INFO - Ссылка №60:9 обработана.
2024-12-25 19:46:55,279 - scrapper - INFO - Ссылка №60:10 обработана.
2024-12-25 19:46:55,279 - scrapper - INFO - Ссылка №60:11 обработана.
2024-12-25 19:46:55,280 - scrapper - INFO - Ссылка №60:12 обработана.
2024-12-25 19:46:55,281 - scrapper - INFO - Обработка страницы: https://dzen.ru/api/web/v1/topic-channel-more?country_code=ru&tab=articles&next_page_id=66f11f68b4575c0cf8b70c8b%3A1727078533295%3A0&topic_identity=5169&_csrf=7cd229c2163bb73b98f1de11c3c2b696c42cf4c1-1735145226179-0-3160777171735145184%3A0&clid=1400&lang=ru
2024-12-25 19:46:56,256 - scrapper - INFO - Ссылка №61:1 обработана.
2024-12-25 19:46:56,257 - scrapper - INFO - Ссылка №61:2 обработана.
2024-12-25 19:46:56,258 - scrapper - INFO - Ссылка №61:3 обработана.
2024-12-25 19:46:56,258 - scrapper - INFO - Ссылка №61:4 обработана.
2024-12-25 19:46:56,259 - scrapper - INFO - Ссылка №61:5 обработана.
2024-12-25 19:46:56,259 - scrapper - INFO - Ссылка №61:6 обработана.
2024-12-25 19:46:56,260 - scrapper - INFO - Ссылка №61:7 обработана.
2024-12-25 19:46:56,261 - scrapper - INFO - Ссылка №61:8 обработана.
2024-12-25 19:46:56,261 - scrapper - INFO - Ссылка №61:9 обработана.
2024-12-25 19:46:56,262 - scrapper - INFO - Ссылка №61:10 обработана.
2024-12-25 19:46:56,262 - scrapper - INFO - Ссылка №61:11 обработана.
2024-12-25 19:46:56,263 - scrapper - INFO - Ссылка №61:12 обработана.
2024-12-25 19:46:56,263 - scrapper - INFO - Обработка страницы: https://dzen.ru/api/web/v1/topic-channel-more?country_code=ru&tab=articles&next_page_id=66ee53b9a1b59b35cb6c52b4%3A1726895398419%3A0&topic_identity=5169&clid=1400&_csrf=cc6fccce9428a75f5311a614db3ee508e5c68896-1735145227022-0-3160777171735145184%3A0&lang=ru
2024-12-25 19:46:56,979 - scrapper - INFO - Ссылка №62:1 обработана.
2024-12-25 19:46:56,979 - scrapper - INFO - Ссылка №62:2 обработана.
2024-12-25 19:46:56,980 - scrapper - INFO - Ссылка №62:3 обработана.
2024-12-25 19:46:56,981 - scrapper - INFO - Ссылка №62:4 обработана.
2024-12-25 19:46:56,981 - scrapper - INFO - Ссылка №62:5 обработана.
2024-12-25 19:46:56,982 - scrapper - INFO - Ссылка №62:6 обработана.
2024-12-25 19:46:56,983 - scrapper - INFO - Ссылка №62:7 обработана.
2024-12-25 19:46:56,983 - scrapper - INFO - Ссылка №62:8 обработана.
2024-12-25 19:46:56,984 - scrapper - INFO - Ссылка №62:9 обработана.
2024-12-25 19:46:56,984 - scrapper - INFO - Ссылка №62:10 обработана.
2024-12-25 19:46:56,985 - scrapper - INFO - Ссылка №62:11 обработана.
2024-12-25 19:46:56,985 - scrapper - INFO - Ссылка №62:12 обработана.
2024-12-25 19:46:56,986 - scrapper - INFO - Обработка страницы: https://dzen.ru/api/web/v1/topic-channel-more?country_code=ru&tab=articles&next_page_id=66dbef3b9396c7744342906f%3A1726747283076%3A0&topic_identity=5169&_csrf=65f11bef7c4667b323bfc7afd83980212aba8ed2-1735145227689-0-3160777171735145184%3A0&clid=1400&lang=ru
2024-12-25 19:46:57,506 - scrapper - INFO - Ссылка №63:1 обработана.
2024-12-25 19:46:57,507 - scrapper - INFO - Ссылка №63:2 обработана.
2024-12-25 19:46:57,507 - scrapper - INFO - Ссылка №63:3 обработана.
2024-12-25 19:46:57,508 - scrapper - INFO - Ссылка №63:4 обработана.
2024-12-25 19:46:57,508 - scrapper - INFO - Ссылка №63:5 обработана.
2024-12-25 19:46:57,509 - scrapper - INFO - Ссылка №63:6 обработана.
2024-12-25 19:46:57,509 - scrapper - INFO - Ссылка №63:7 обработана.
2024-12-25 19:46:57,509 - scrapper - INFO - Ссылка №63:8 обработана.
2024-12-25 19:46:57,511 - scrapper - INFO - Ссылка №63:9 обработана.
2024-12-25 19:46:57,511 - scrapper - INFO - Ссылка №63:10 обработана.
2024-12-25 19:46:57,512 - scrapper - INFO - Ссылка №63:11 обработана.
2024-12-25 19:46:57,512 - scrapper - INFO - Ссылка №63:12 обработана.
2024-12-25 19:46:57,513 - scrapper - INFO - Обработка страницы: https://dzen.ru/api/web/v1/topic-channel-more?country_code=ru&tab=articles&next_page_id=66e32a85cb03ea263694e8da%3A1726628438948%3A0&topic_identity=5169&clid=1400&_csrf=ce8aa10bae5a7e793e8a90f24dce981e41960843-1735145228413-0-3160777171735145184%3A0&lang=ru
2024-12-25 19:46:58,246 - scrapper - INFO - Ссылка №64:1 обработана.
2024-12-25 19:46:58,246 - scrapper - INFO - Ссылка №64:2 обработана.
2024-12-25 19:46:58,247 - scrapper - INFO - Ссылка №64:3 обработана.
2024-12-25 19:46:58,248 - scrapper - INFO - Ссылка №64:4 обработана.
2024-12-25 19:46:58,249 - scrapper - INFO - Ссылка №64:5 обработана.
2024-12-25 19:46:58,249 - scrapper - INFO - Ссылка №64:6 обработана.
2024-12-25 19:46:58,250 - scrapper - INFO - Ссылка №64:7 обработана.
2024-12-25 19:46:58,250 - scrapper - INFO - Ссылка №64:8 обработана.
2024-12-25 19:46:58,251 - scrapper - INFO - Ссылка №64:9 обработана.
2024-12-25 19:46:58,251 - scrapper - INFO - Ссылка №64:10 обработана.
2024-12-25 19:46:58,252 - scrapper - INFO - Ссылка №64:11 обработана.
2024-12-25 19:46:58,252 - scrapper - INFO - Ссылка №64:12 обработана.
2024-12-25 19:46:58,253 - scrapper - INFO - Обработка страницы: https://dzen.ru/api/web/v1/topic-channel-more?country_code=ru&tab=articles&next_page_id=66e7d38e71117937a23a772b%3A1726469074866%3A0&topic_identity=5169&clid=1400&_csrf=2474731ce7d62e47785669e2e13241b93dad7b4d-1735145228933-0-3160777171735145184%3A0&lang=ru
2024-12-25 19:46:58,822 - scrapper - INFO - Ссылка №65:1 обработана.
2024-12-25 19:46:58,823 - scrapper - INFO - Ссылка №65:2 обработана.
2024-12-25 19:46:58,823 - scrapper - INFO - Ссылка №65:3 обработана.
2024-12-25 19:46:58,824 - scrapper - INFO - Ссылка №65:4 обработана.
2024-12-25 19:46:58,824 - scrapper - INFO - Ссылка №65:5 обработана.
2024-12-25 19:46:58,825 - scrapper - INFO - Ссылка №65:6 обработана.
2024-12-25 19:46:58,825 - scrapper - INFO - Ссылка №65:7 обработана.
2024-12-25 19:46:58,826 - scrapper - INFO - Ссылка №65:8 обработана.
2024-12-25 19:46:58,826 - scrapper - INFO - Ссылка №65:9 обработана.
2024-12-25 19:46:58,827 - scrapper - INFO - Ссылка №65:10 обработана.
2024-12-25 19:46:58,827 - scrapper - INFO - Ссылка №65:11 обработана.
2024-12-25 19:46:58,828 - scrapper - INFO - Ссылка №65:12 обработана.
2024-12-25 19:46:58,829 - scrapper - INFO - Обработка страницы: https://dzen.ru/api/web/v1/topic-channel-more?country_code=ru&tab=articles&next_page_id=66e3d9d3f26e3e292837bc36%3A1726313995752%3A0&topic_identity=5169&_csrf=136280101762f45321250278c836c7e95f1d576f-1735145229677-0-3160777171735145184%3A0&clid=1400&lang=ru
2024-12-25 19:46:59,471 - scrapper - INFO - Ссылка №66:1 обработана.
2024-12-25 19:46:59,471 - scrapper - INFO - Ссылка №66:2 обработана.
2024-12-25 19:46:59,472 - scrapper - INFO - Ссылка №66:3 обработана.
2024-12-25 19:46:59,473 - scrapper - INFO - Ссылка №66:4 обработана.
2024-12-25 19:46:59,473 - scrapper - INFO - Ссылка №66:5 обработана.
2024-12-25 19:46:59,474 - scrapper - INFO - Ссылка №66:6 обработана.
2024-12-25 19:46:59,475 - scrapper - INFO - Ссылка №66:7 обработана.
2024-12-25 19:46:59,475 - scrapper - INFO - Ссылка №66:8 обработана.
2024-12-25 19:46:59,476 - scrapper - INFO - Ссылка №66:9 обработана.
2024-12-25 19:46:59,476 - scrapper - INFO - Ссылка №66:10 обработана.
2024-12-25 19:46:59,477 - scrapper - INFO - Ссылка №66:11 обработана.
2024-12-25 19:46:59,478 - scrapper - INFO - Ссылка №66:12 обработана.
2024-12-25 19:46:59,478 - scrapper - INFO - Обработка страницы: https://dzen.ru/api/web/v1/topic-channel-more?country_code=ru&tab=articles&next_page_id=66e076914eb30b6b548b2960%3A1726198233390%3A0&topic_identity=5169&clid=1400&_csrf=5f0eb1c905dfecba51617affc21d19a99afeb667-1735145230275-0-3160777171735145184%3A0&lang=ru
2024-12-25 19:47:00,149 - scrapper - INFO - Ссылка №67:1 обработана.
2024-12-25 19:47:00,149 - scrapper - INFO - Ссылка №67:2 обработана.
2024-12-25 19:47:00,150 - scrapper - INFO - Ссылка №67:3 обработана.
2024-12-25 19:47:00,150 - scrapper - INFO - Ссылка №67:4 обработана.
2024-12-25 19:47:00,151 - scrapper - INFO - Ссылка №67:5 обработана.
2024-12-25 19:47:00,151 - scrapper - INFO - Ссылка №67:6 обработана.
2024-12-25 19:47:00,152 - scrapper - INFO - Ссылка №67:7 обработана.
2024-12-25 19:47:00,153 - scrapper - INFO - Ссылка №67:8 обработана.
2024-12-25 19:47:00,154 - scrapper - INFO - Ссылка №67:9 обработана.
2024-12-25 19:47:00,154 - scrapper - INFO - Ссылка №67:10 обработана.
2024-12-25 19:47:00,155 - scrapper - INFO - Ссылка №67:11 обработана.
2024-12-25 19:47:00,155 - scrapper - INFO - Ссылка №67:12 обработана.
2024-12-25 19:47:00,156 - scrapper - INFO - Обработка страницы: https://dzen.ru/api/web/v1/topic-channel-more?country_code=ru&tab=articles&next_page_id=66df4f9bdf35ca2edbac2d94%3A1726051688070%3A0&topic_identity=5169&clid=1400&_csrf=1f6d6d8fa298b093f502c59451703f703909c092-1735145230947-0-3160777171735145184%3A0&lang=ru
2024-12-25 19:47:00,749 - scrapper - INFO - Ссылка №68:1 обработана.
2024-12-25 19:47:00,750 - scrapper - INFO - Ссылка №68:2 обработана.
2024-12-25 19:47:00,750 - scrapper - INFO - Ссылка №68:3 обработана.
2024-12-25 19:47:00,751 - scrapper - INFO - Ссылка №68:4 обработана.
2024-12-25 19:47:00,751 - scrapper - INFO - Ссылка №68:5 обработана.
2024-12-25 19:47:00,752 - scrapper - INFO - Ссылка №68:6 обработана.
2024-12-25 19:47:00,752 - scrapper - INFO - Ссылка №68:7 обработана.
2024-12-25 19:47:00,753 - scrapper - INFO - Ссылка №68:8 обработана.
2024-12-25 19:47:00,754 - scrapper - INFO - Ссылка №68:9 обработана.
2024-12-25 19:47:00,754 - scrapper - INFO - Ссылка №68:10 обработана.
2024-12-25 19:47:00,755 - scrapper - INFO - Ссылка №68:11 обработана.
2024-12-25 19:47:00,755 - scrapper - INFO - Ссылка №68:12 обработана.
2024-12-25 19:47:00,756 - scrapper - INFO - Обработка страницы: https://dzen.ru/api/web/v1/topic-channel-more?country_code=ru&tab=articles&next_page_id=66dfd04bdf35ca2edbfde07e%3A1725944192705%3A0&topic_identity=5169&clid=1400&_csrf=06858f7b661a1cc1beb04791b702c17b7aea1cc3-1735145231580-0-3160777171735145184%3A0&lang=ru
2024-12-25 19:47:01,750 - scrapper - INFO - Ссылка №69:1 обработана.
2024-12-25 19:47:01,751 - scrapper - INFO - Ссылка №69:2 обработана.
2024-12-25 19:47:01,751 - scrapper - INFO - Ссылка №69:3 обработана.
2024-12-25 19:47:01,752 - scrapper - INFO - Ссылка №69:4 обработана.
2024-12-25 19:47:01,752 - scrapper - INFO - Ссылка №69:5 обработана.
2024-12-25 19:47:01,753 - scrapper - INFO - Ссылка №69:6 обработана.
2024-12-25 19:47:01,754 - scrapper - INFO - Ссылка №69:7 обработана.
2024-12-25 19:47:01,754 - scrapper - INFO - Ссылка №69:8 обработана.
2024-12-25 19:47:01,755 - scrapper - INFO - Ссылка №69:9 обработана.
2024-12-25 19:47:01,756 - scrapper - INFO - Ссылка №69:10 обработана.
2024-12-25 19:47:01,756 - scrapper - INFO - Ссылка №69:11 обработана.
2024-12-25 19:47:01,757 - scrapper - INFO - Ссылка №69:12 обработана.
2024-12-25 19:47:01,758 - scrapper - INFO - Обработка страницы: https://dzen.ru/api/web/v1/topic-channel-more?country_code=ru&tab=articles&next_page_id=66ddacafbae5c45067b4c06e%3A1725847254557%3A0&topic_identity=5169&clid=1400&_csrf=eef6c7cb9e267c6b7d7e2ea3834437cd4f64f4ef-1735145232504-0-3160777171735145184%3A0&lang=ru
2024-12-25 19:47:02,881 - scrapper - INFO - Ссылка №70:1 обработана.
2024-12-25 19:47:02,882 - scrapper - INFO - Ссылка №70:2 обработана.
2024-12-25 19:47:02,882 - scrapper - INFO - Ссылка №70:3 обработана.
2024-12-25 19:47:02,884 - scrapper - INFO - Ссылка №70:4 обработана.
2024-12-25 19:47:02,884 - scrapper - INFO - Ссылка №70:5 обработана.
2024-12-25 19:47:02,885 - scrapper - INFO - Ссылка №70:6 обработана.
2024-12-25 19:47:02,885 - scrapper - INFO - Ссылка №70:7 обработана.
2024-12-25 19:47:02,886 - scrapper - INFO - Ссылка №70:8 обработана.
2024-12-25 19:47:02,886 - scrapper - INFO - Ссылка №70:9 обработана.
2024-12-25 19:47:02,887 - scrapper - INFO - Ссылка №70:10 обработана.
2024-12-25 19:47:02,887 - scrapper - INFO - Ссылка №70:11 обработана.
2024-12-25 19:47:02,888 - scrapper - INFO - Ссылка №70:12 обработана.
2024-12-25 19:47:02,888 - scrapper - INFO - Обработка страницы: https://dzen.ru/api/web/v1/topic-channel-more?country_code=ru&tab=articles&next_page_id=66d9cc781aad067fe8892c48%3A1725689029320%3A0&topic_identity=5169&_csrf=71e55291ef24def91b5c5928d1f430bb5503ce71-1735145233182-0-3160777171735145184%3A0&clid=1400&lang=ru
2024-12-25 19:47:03,476 - scrapper - INFO - Ссылка №71:1 обработана.
2024-12-25 19:47:03,476 - scrapper - INFO - Ссылка №71:2 обработана.
2024-12-25 19:47:03,477 - scrapper - INFO - Ссылка №71:3 обработана.
2024-12-25 19:47:03,477 - scrapper - INFO - Ссылка №71:4 обработана.
2024-12-25 19:47:03,478 - scrapper - INFO - Ссылка №71:5 обработана.
2024-12-25 19:47:03,478 - scrapper - INFO - Ссылка №71:6 обработана.
2024-12-25 19:47:03,479 - scrapper - INFO - Ссылка №71:7 обработана.
2024-12-25 19:47:03,479 - scrapper - INFO - Ссылка №71:8 обработана.
2024-12-25 19:47:03,480 - scrapper - INFO - Ссылка №71:9 обработана.
2024-12-25 19:47:03,481 - scrapper - INFO - Ссылка №71:10 обработана.
2024-12-25 19:47:03,481 - scrapper - INFO - Ссылка №71:11 обработана.
2024-12-25 19:47:03,482 - scrapper - INFO - Ссылка №71:12 обработана.
2024-12-25 19:47:03,483 - scrapper - INFO - Обработка страницы: https://dzen.ru/api/web/v1/topic-channel-more?country_code=ru&tab=articles&next_page_id=66d8bfa5b781c50dd473ff47%3A1725588032388%3A0&topic_identity=5169&clid=1400&_csrf=fb3adcf56fc0b62ecb54b537f6d24166c93ab7e6-1735145234328-0-3160777171735145184%3A0&lang=ru
2024-12-25 19:47:04,266 - scrapper - INFO - Ссылка №72:1 обработана.
2024-12-25 19:47:04,267 - scrapper - INFO - Ссылка №72:2 обработана.
2024-12-25 19:47:04,267 - scrapper - INFO - Ссылка №72:3 обработана.
2024-12-25 19:47:04,268 - scrapper - INFO - Ссылка №72:4 обработана.
2024-12-25 19:47:04,269 - scrapper - INFO - Ссылка №72:5 обработана.
2024-12-25 19:47:04,269 - scrapper - INFO - Ссылка №72:6 обработана.
2024-12-25 19:47:04,270 - scrapper - INFO - Ссылка №72:7 обработана.
2024-12-25 19:47:04,271 - scrapper - INFO - Ссылка №72:8 обработана.
2024-12-25 19:47:04,271 - scrapper - INFO - Ссылка №72:9 обработана.
2024-12-25 19:47:04,272 - scrapper - INFO - Ссылка №72:10 обработана.
2024-12-25 19:47:04,272 - scrapper - INFO - Ссылка №72:11 обработана.
2024-12-25 19:47:04,273 - scrapper - INFO - Ссылка №72:12 обработана.
2024-12-25 19:47:04,273 - scrapper - INFO - Обработка страницы: https://dzen.ru/api/web/v1/topic-channel-more?country_code=ru&tab=articles&next_page_id=66c9885a7cbf213f338d073c%3A1725451273035%3A0&topic_identity=5169&clid=1400&_csrf=143ff05141c73c0b8618e7d8e5b0f1e529f616ba-1735145234943-0-3160777171735145184%3A0&lang=ru
